[2026-02-12 12:50:55] local.INFO: Current Database: eschool_saas_3_ujicobasatrio  
[2026-02-12 12:53:20] local.ERROR: SQLSTATE[HY000] [1049] Unknown database 'laravel' {"exception":"[object] (PDOException(code: 1049): SQLSTATE[HY000] [1049] Unknown database 'laravel' at C:\\Users\\satri\\Downloads\\eSchool-Saas-V1.8.2\\PHP_Code\\vendor\\laravel\\framework\\src\\Illuminate\\Database\\Connectors\\Connector.php:65)
[stacktrace]
#0 C:\\Users\\satri\\Downloads\\eSchool-Saas-V1.8.2\\PHP_Code\\vendor\\laravel\\framework\\src\\Illuminate\\Database\\Connectors\\Connector.php(65): PDO->__construct('mysql:host=127....', 'root', Object(SensitiveParameterValue), Array)
#1 C:\\Users\\satri\\Downloads\\eSchool-Saas-V1.8.2\\PHP_Code\\vendor\\laravel\\framework\\src\\Illuminate\\Database\\Connectors\\Connector.php(44): Illuminate\\Database\\Connectors\\Connector->createPdoConnection('mysql:host=127....', 'root', '', Array)
#2 C:\\Users\\satri\\Downloads\\eSchool-Saas-V1.8.2\\PHP_Code\\vendor\\laravel\\framework\\src\\Illuminate\\Database\\Connectors\\MySqlConnector.php(24): Illuminate\\Database\\Connectors\\Connector->createConnection('mysql:host=127....', Array, Array)
#3 C:\\Users\\satri\\Downloads\\eSchool-Saas-V1.8.2\\PHP_Code\\vendor\\laravel\\framework\\src\\Illuminate\\Database\\Connectors\\ConnectionFactory.php(184): Illuminate\\Database\\Connectors\\MySqlConnector->connect(Array)
#4 [internal function]: Illuminate\\Database\\Connectors\\ConnectionFactory->Illuminate\\Database\\Connectors\\{closure}()
#5 C:\\Users\\satri\\Downloads\\eSchool-Saas-V1.8.2\\PHP_Code\\vendor\\laravel\\framework\\src\\Illuminate\\Database\\Connection.php(1339): call_user_func(Object(Closure))
#6 C:\\Users\\satri\\Downloads\\eSchool-Saas-V1.8.2\\PHP_Code\\vendor\\sagar\\laravel-wizard-installer\\src\\Controllers\\InstallKeysController.php(20): Illuminate\\Database\\Connection->getPdo()
#7 C:\\Users\\satri\\Downloads\\eSchool-Saas-V1.8.2\\PHP_Code\\vendor\\laravel\\framework\\src\\Illuminate\\Routing\\Controller.php(54): dacoto\\LaravelWizardInstaller\\Controllers\\InstallKeysController->__invoke()
#8 C:\\Users\\satri\\Downloads\\eSchool-Saas-V1.8.2\\PHP_Code\\vendor\\laravel\\framework\\src\\Illuminate\\Routing\\ControllerDispatcher.php(43): Illuminate\\Routing\\Controller->callAction('__invoke', Array)
#9 C:\\Users\\satri\\Downloads\\eSchool-Saas-V1.8.2\\PHP_Code\\vendor\\laravel\\framework\\src\\Illuminate\\Routing\\Route.php(259): Illuminate\\Routing\\ControllerDispatcher->dispatch(Object(Illuminate\\Routing\\Route), Object(dacoto\\LaravelWizardInstaller\\Controllers\\InstallKeysController), '__invoke')
#10 C:\\Users\\satri\\Downloads\\eSchool-Saas-V1.8.2\\PHP_Code\\vendor\\laravel\\framework\\src\\Illuminate\\Routing\\Route.php(205): Illuminate\\Routing\\Route->runController()
#11 C:\\Users\\satri\\Downloads\\eSchool-Saas-V1.8.2\\PHP_Code\\vendor\\laravel\\framework\\src\\Illuminate\\Routing\\Router.php(806): Illuminate\\Routing\\Route->run()
#12 C:\\Users\\satri\\Downloads\\eSchool-Saas-V1.8.2\\PHP_Code\\vendor\\laravel\\framework\\src\\Illuminate\\Pipeline\\Pipeline.php(144): Illuminate\\Routing\\Router->Illuminate\\Routing\\{closure}(Object(Illuminate\\Http\\Request))
#13 C:\\Users\\satri\\Downloads\\eSchool-Saas-V1.8.2\\PHP_Code\\vendor\\sagar\\laravel-wizard-installer\\src\\Middleware\\InstallerMiddleware.php(23): Illuminate\\Pipeline\\Pipeline->Illuminate\\Pipeline\\{closure}(Object(Illuminate\\Http\\Request))
#14 C:\\Users\\satri\\Downloads\\eSchool-Saas-V1.8.2\\PHP_Code\\vendor\\laravel\\framework\\src\\Illuminate\\Pipeline\\Pipeline.php(183): dacoto\\LaravelWizardInstaller\\Middleware\\InstallerMiddleware->handle(Object(Illuminate\\Http\\Request), Object(Closure))
#15 C:\\Users\\satri\\Downloads\\eSchool-Saas-V1.8.2\\PHP_Code\\app\\Http\\Middleware\\WizardSettings.php(29): Illuminate\\Pipeline\\Pipeline->Illuminate\\Pipeline\\{closure}(Object(Illuminate\\Http\\Request))
#16 C:\\Users\\satri\\Downloads\\eSchool-Saas-V1.8.2\\PHP_Code\\vendor\\laravel\\framework\\src\\Illuminate\\Pipeline\\Pipeline.php(183): App\\Http\\Middleware\\WizardSettings->handle(Object(Illuminate\\Http\\Request), Object(Closure))
#17 C:\\Users\\satri\\Downloads\\eSchool-Saas-V1.8.2\\PHP_Code\\app\\Http\\Middleware\\LanguageManager.php(61): Illuminate\\Pipeline\\Pipeline->Illuminate\\Pipeline\\{closure}(Object(Illuminate\\Http\\Request))
#18 C:\\Users\\satri\\Downloads\\eSchool-Saas-V1.8.2\\PHP_Code\\vendor\\laravel\\framework\\src\\Illuminate\\Pipeline\\Pipeline.php(183): App\\Http\\Middleware\\LanguageManager->handle(Object(Illuminate\\Http\\Request), Object(Closure))
#19 C:\\Users\\satri\\Downloads\\eSchool-Saas-V1.8.2\\PHP_Code\\app\\Http\\Middleware\\DemoMiddleware.php(68): Illuminate\\Pipeline\\Pipeline->Illuminate\\Pipeline\\{closure}(Object(Illuminate\\Http\\Request))
#20 C:\\Users\\satri\\Downloads\\eSchool-Saas-V1.8.2\\PHP_Code\\vendor\\laravel\\framework\\src\\Illuminate\\Pipeline\\Pipeline.php(183): App\\Http\\Middleware\\DemoMiddleware->handle(Object(Illuminate\\Http\\Request), Object(Closure))
#21 C:\\Users\\satri\\Downloads\\eSchool-Saas-V1.8.2\\PHP_Code\\vendor\\laravel\\framework\\src\\Illuminate\\Routing\\Middleware\\SubstituteBindings.php(50): Illuminate\\Pipeline\\Pipeline->Illuminate\\Pipeline\\{closure}(Object(Illuminate\\Http\\Request))
#22 C:\\Users\\satri\\Downloads\\eSchool-Saas-V1.8.2\\PHP_Code\\vendor\\laravel\\framework\\src\\Illuminate\\Pipeline\\Pipeline.php(183): Illuminate\\Routing\\Middleware\\SubstituteBindings->handle(Object(Illuminate\\Http\\Request), Object(Closure))
#23 C:\\Users\\satri\\Downloads\\eSchool-Saas-V1.8.2\\PHP_Code\\vendor\\laravel\\framework\\src\\Illuminate\\Foundation\\Http\\Middleware\\VerifyCsrfToken.php(78): Illuminate\\Pipeline\\Pipeline->Illuminate\\Pipeline\\{closure}(Object(Illuminate\\Http\\Request))
#24 C:\\Users\\satri\\Downloads\\eSchool-Saas-V1.8.2\\PHP_Code\\vendor\\laravel\\framework\\src\\Illuminate\\Pipeline\\Pipeline.php(183): Illuminate\\Foundation\\Http\\Middleware\\VerifyCsrfToken->handle(Object(Illuminate\\Http\\Request), Object(Closure))
#25 C:\\Users\\satri\\Downloads\\eSchool-Saas-V1.8.2\\PHP_Code\\vendor\\laravel\\framework\\src\\Illuminate\\View\\Middleware\\ShareErrorsFromSession.php(49): Illuminate\\Pipeline\\Pipeline->Illuminate\\Pipeline\\{closure}(Object(Illuminate\\Http\\Request))
#26 C:\\Users\\satri\\Downloads\\eSchool-Saas-V1.8.2\\PHP_Code\\vendor\\laravel\\framework\\src\\Illuminate\\Pipeline\\Pipeline.php(183): Illuminate\\View\\Middleware\\ShareErrorsFromSession->handle(Object(Illuminate\\Http\\Request), Object(Closure))
#27 C:\\Users\\satri\\Downloads\\eSchool-Saas-V1.8.2\\PHP_Code\\vendor\\laravel\\framework\\src\\Illuminate\\Session\\Middleware\\StartSession.php(121): Illuminate\\Pipeline\\Pipeline->Illuminate\\Pipeline\\{closure}(Object(Illuminate\\Http\\Request))
#28 C:\\Users\\satri\\Downloads\\eSchool-Saas-V1.8.2\\PHP_Code\\vendor\\laravel\\framework\\src\\Illuminate\\Session\\Middleware\\StartSession.php(64): Illuminate\\Session\\Middleware\\StartSession->handleStatefulRequest(Object(Illuminate\\Http\\Request), Object(Illuminate\\Session\\Store), Object(Closure))
#29 C:\\Users\\satri\\Downloads\\eSchool-Saas-V1.8.2\\PHP_Code\\vendor\\laravel\\framework\\src\\Illuminate\\Pipeline\\Pipeline.php(183): Illuminate\\Session\\Middleware\\StartSession->handle(Object(Illuminate\\Http\\Request), Object(Closure))
#30 C:\\Users\\satri\\Downloads\\eSchool-Saas-V1.8.2\\PHP_Code\\vendor\\laravel\\framework\\src\\Illuminate\\Cookie\\Middleware\\AddQueuedCookiesToResponse.php(37): Illuminate\\Pipeline\\Pipeline->Illuminate\\Pipeline\\{closure}(Object(Illuminate\\Http\\Request))
#31 C:\\Users\\satri\\Downloads\\eSchool-Saas-V1.8.2\\PHP_Code\\vendor\\laravel\\framework\\src\\Illuminate\\Pipeline\\Pipeline.php(183): Illuminate\\Cookie\\Middleware\\AddQueuedCookiesToResponse->handle(Object(Illuminate\\Http\\Request), Object(Closure))
#32 C:\\Users\\satri\\Downloads\\eSchool-Saas-V1.8.2\\PHP_Code\\vendor\\laravel\\framework\\src\\Illuminate\\Cookie\\Middleware\\EncryptCookies.php(67): Illuminate\\Pipeline\\Pipeline->Illuminate\\Pipeline\\{closure}(Object(Illuminate\\Http\\Request))
#33 C:\\Users\\satri\\Downloads\\eSchool-Saas-V1.8.2\\PHP_Code\\vendor\\laravel\\framework\\src\\Illuminate\\Pipeline\\Pipeline.php(183): Illuminate\\Cookie\\Middleware\\EncryptCookies->handle(Object(Illuminate\\Http\\Request), Object(Closure))
#34 C:\\Users\\satri\\Downloads\\eSchool-Saas-V1.8.2\\PHP_Code\\vendor\\sagar\\laravel-wizard-installer\\src\\Middleware\\ToInstallMiddleware.php(39): Illuminate\\Pipeline\\Pipeline->Illuminate\\Pipeline\\{closure}(Object(Illuminate\\Http\\Request))
#35 C:\\Users\\satri\\Downloads\\eSchool-Saas-V1.8.2\\PHP_Code\\vendor\\laravel\\framework\\src\\Illuminate\\Pipeline\\Pipeline.php(183): dacoto\\LaravelWizardInstaller\\Middleware\\ToInstallMiddleware->handle(Object(Illuminate\\Http\\Request), Object(Closure))
#36 C:\\Users\\satri\\Downloads\\eSchool-Saas-V1.8.2\\PHP_Code\\vendor\\laravel\\framework\\src\\Illuminate\\Pipeline\\Pipeline.php(119): Illuminate\\Pipeline\\Pipeline->Illuminate\\Pipeline\\{closure}(Object(Illuminate\\Http\\Request))
#37 C:\\Users\\satri\\Downloads\\eSchool-Saas-V1.8.2\\PHP_Code\\vendor\\laravel\\framework\\src\\Illuminate\\Routing\\Router.php(805): Illuminate\\Pipeline\\Pipeline->then(Object(Closure))
#38 C:\\Users\\satri\\Downloads\\eSchool-Saas-V1.8.2\\PHP_Code\\vendor\\laravel\\framework\\src\\Illuminate\\Routing\\Router.php(784): Illuminate\\Routing\\Router->runRouteWithinStack(Object(Illuminate\\Routing\\Route), Object(Illuminate\\Http\\Request))
#39 C:\\Users\\satri\\Downloads\\eSchool-Saas-V1.8.2\\PHP_Code\\vendor\\laravel\\framework\\src\\Illuminate\\Routing\\Router.php(748): Illuminate\\Routing\\Router->runRoute(Object(Illuminate\\Http\\Request), Object(Illuminate\\Routing\\Route))
#40 C:\\Users\\satri\\Downloads\\eSchool-Saas-V1.8.2\\PHP_Code\\vendor\\laravel\\framework\\src\\Illuminate\\Routing\\Router.php(737): Illuminate\\Routing\\Router->dispatchToRoute(Object(Illuminate\\Http\\Request))
#41 C:\\Users\\satri\\Downloads\\eSchool-Saas-V1.8.2\\PHP_Code\\vendor\\laravel\\framework\\src\\Illuminate\\Foundation\\Http\\Kernel.php(200): Illuminate\\Routing\\Router->dispatch(Object(Illuminate\\Http\\Request))
#42 C:\\Users\\satri\\Downloads\\eSchool-Saas-V1.8.2\\PHP_Code\\vendor\\laravel\\framework\\src\\Illuminate\\Pipeline\\Pipeline.php(144): Illuminate\\Foundation\\Http\\Kernel->Illuminate\\Foundation\\Http\\{closure}(Object(Illuminate\\Http\\Request))
#43 C:\\Users\\satri\\Downloads\\eSchool-Saas-V1.8.2\\PHP_Code\\vendor\\beyondcode\\laravel-query-detector\\src\\QueryDetectorMiddleware.php(27): Illuminate\\Pipeline\\Pipeline->Illuminate\\Pipeline\\{closure}(Object(Illuminate\\Http\\Request))
#44 C:\\Users\\satri\\Downloads\\eSchool-Saas-V1.8.2\\PHP_Code\\vendor\\laravel\\framework\\src\\Illuminate\\Pipeline\\Pipeline.php(183): BeyondCode\\QueryDetector\\QueryDetectorMiddleware->handle(Object(Illuminate\\Http\\Request), Object(Closure))
#45 C:\\Users\\satri\\Downloads\\eSchool-Saas-V1.8.2\\PHP_Code\\vendor\\barryvdh\\laravel-debugbar\\src\\Middleware\\InjectDebugbar.php(59): Illuminate\\Pipeline\\Pipeline->Illuminate\\Pipeline\\{closure}(Object(Illuminate\\Http\\Request))
#46 C:\\Users\\satri\\Downloads\\eSchool-Saas-V1.8.2\\PHP_Code\\vendor\\laravel\\framework\\src\\Illuminate\\Pipeline\\Pipeline.php(183): Barryvdh\\Debugbar\\Middleware\\InjectDebugbar->handle(Object(Illuminate\\Http\\Request), Object(Closure))
#47 C:\\Users\\satri\\Downloads\\eSchool-Saas-V1.8.2\\PHP_Code\\vendor\\laravel\\framework\\src\\Illuminate\\Foundation\\Http\\Middleware\\TransformsRequest.php(21): Illuminate\\Pipeline\\Pipeline->Illuminate\\Pipeline\\{closure}(Object(Illuminate\\Http\\Request))
#48 C:\\Users\\satri\\Downloads\\eSchool-Saas-V1.8.2\\PHP_Code\\vendor\\laravel\\framework\\src\\Illuminate\\Foundation\\Http\\Middleware\\ConvertEmptyStringsToNull.php(31): Illuminate\\Foundation\\Http\\Middleware\\TransformsRequest->handle(Object(Illuminate\\Http\\Request), Object(Closure))
#49 C:\\Users\\satri\\Downloads\\eSchool-Saas-V1.8.2\\PHP_Code\\vendor\\laravel\\framework\\src\\Illuminate\\Pipeline\\Pipeline.php(183): Illuminate\\Foundation\\Http\\Middleware\\ConvertEmptyStringsToNull->handle(Object(Illuminate\\Http\\Request), Object(Closure))
#50 C:\\Users\\satri\\Downloads\\eSchool-Saas-V1.8.2\\PHP_Code\\vendor\\laravel\\framework\\src\\Illuminate\\Foundation\\Http\\Middleware\\TransformsRequest.php(21): Illuminate\\Pipeline\\Pipeline->Illuminate\\Pipeline\\{closure}(Object(Illuminate\\Http\\Request))
#51 C:\\Users\\satri\\Downloads\\eSchool-Saas-V1.8.2\\PHP_Code\\vendor\\laravel\\framework\\src\\Illuminate\\Foundation\\Http\\Middleware\\TrimStrings.php(40): Illuminate\\Foundation\\Http\\Middleware\\TransformsRequest->handle(Object(Illuminate\\Http\\Request), Object(Closure))
#52 C:\\Users\\satri\\Downloads\\eSchool-Saas-V1.8.2\\PHP_Code\\vendor\\laravel\\framework\\src\\Illuminate\\Pipeline\\Pipeline.php(183): Illuminate\\Foundation\\Http\\Middleware\\TrimStrings->handle(Object(Illuminate\\Http\\Request), Object(Closure))
#53 C:\\Users\\satri\\Downloads\\eSchool-Saas-V1.8.2\\PHP_Code\\vendor\\laravel\\framework\\src\\Illuminate\\Foundation\\Http\\Middleware\\ValidatePostSize.php(27): Illuminate\\Pipeline\\Pipeline->Illuminate\\Pipeline\\{closure}(Object(Illuminate\\Http\\Request))
#54 C:\\Users\\satri\\Downloads\\eSchool-Saas-V1.8.2\\PHP_Code\\vendor\\laravel\\framework\\src\\Illuminate\\Pipeline\\Pipeline.php(183): Illuminate\\Foundation\\Http\\Middleware\\ValidatePostSize->handle(Object(Illuminate\\Http\\Request), Object(Closure))
#55 C:\\Users\\satri\\Downloads\\eSchool-Saas-V1.8.2\\PHP_Code\\vendor\\laravel\\framework\\src\\Illuminate\\Foundation\\Http\\Middleware\\PreventRequestsDuringMaintenance.php(99): Illuminate\\Pipeline\\Pipeline->Illuminate\\Pipeline\\{closure}(Object(Illuminate\\Http\\Request))
#56 C:\\Users\\satri\\Downloads\\eSchool-Saas-V1.8.2\\PHP_Code\\vendor\\laravel\\framework\\src\\Illuminate\\Pipeline\\Pipeline.php(183): Illuminate\\Foundation\\Http\\Middleware\\PreventRequestsDuringMaintenance->handle(Object(Illuminate\\Http\\Request), Object(Closure))
#57 C:\\Users\\satri\\Downloads\\eSchool-Saas-V1.8.2\\PHP_Code\\vendor\\laravel\\framework\\src\\Illuminate\\Http\\Middleware\\HandleCors.php(49): Illuminate\\Pipeline\\Pipeline->Illuminate\\Pipeline\\{closure}(Object(Illuminate\\Http\\Request))
#58 C:\\Users\\satri\\Downloads\\eSchool-Saas-V1.8.2\\PHP_Code\\vendor\\laravel\\framework\\src\\Illuminate\\Pipeline\\Pipeline.php(183): Illuminate\\Http\\Middleware\\HandleCors->handle(Object(Illuminate\\Http\\Request), Object(Closure))
#59 C:\\Users\\satri\\Downloads\\eSchool-Saas-V1.8.2\\PHP_Code\\vendor\\laravel\\framework\\src\\Illuminate\\Http\\Middleware\\TrustProxies.php(39): Illuminate\\Pipeline\\Pipeline->Illuminate\\Pipeline\\{closure}(Object(Illuminate\\Http\\Request))
#60 C:\\Users\\satri\\Downloads\\eSchool-Saas-V1.8.2\\PHP_Code\\vendor\\laravel\\framework\\src\\Illuminate\\Pipeline\\Pipeline.php(183): Illuminate\\Http\\Middleware\\TrustProxies->handle(Object(Illuminate\\Http\\Request), Object(Closure))
#61 C:\\Users\\satri\\Downloads\\eSchool-Saas-V1.8.2\\PHP_Code\\vendor\\laravel\\framework\\src\\Illuminate\\Pipeline\\Pipeline.php(119): Illuminate\\Pipeline\\Pipeline->Illuminate\\Pipeline\\{closure}(Object(Illuminate\\Http\\Request))
#62 C:\\Users\\satri\\Downloads\\eSchool-Saas-V1.8.2\\PHP_Code\\vendor\\laravel\\framework\\src\\Illuminate\\Foundation\\Http\\Kernel.php(175): Illuminate\\Pipeline\\Pipeline->then(Object(Closure))
#63 C:\\Users\\satri\\Downloads\\eSchool-Saas-V1.8.2\\PHP_Code\\vendor\\laravel\\framework\\src\\Illuminate\\Foundation\\Http\\Kernel.php(144): Illuminate\\Foundation\\Http\\Kernel->sendRequestThroughRouter(Object(Illuminate\\Http\\Request))
#64 C:\\Users\\satri\\Downloads\\eSchool-Saas-V1.8.2\\PHP_Code\\public\\index.php(51): Illuminate\\Foundation\\Http\\Kernel->handle(Object(Illuminate\\Http\\Request))
#65 C:\\Users\\satri\\Downloads\\eSchool-Saas-V1.8.2\\PHP_Code\\vendor\\laravel\\framework\\src\\Illuminate\\Foundation\\resources\\server.php(16): require_once('C:\\\\Users\\\\satri\\\\...')
#66 {main}
"} 
[2026-02-12 12:53:23] local.ERROR: SQLSTATE[HY000] [1049] Unknown database 'laravel' {"exception":"[object] (PDOException(code: 1049): SQLSTATE[HY000] [1049] Unknown database 'laravel' at C:\\Users\\satri\\Downloads\\eSchool-Saas-V1.8.2\\PHP_Code\\vendor\\laravel\\framework\\src\\Illuminate\\Database\\Connectors\\Connector.php:65)
[stacktrace]
#0 C:\\Users\\satri\\Downloads\\eSchool-Saas-V1.8.2\\PHP_Code\\vendor\\laravel\\framework\\src\\Illuminate\\Database\\Connectors\\Connector.php(65): PDO->__construct('mysql:host=127....', 'root', Object(SensitiveParameterValue), Array)
#1 C:\\Users\\satri\\Downloads\\eSchool-Saas-V1.8.2\\PHP_Code\\vendor\\laravel\\framework\\src\\Illuminate\\Database\\Connectors\\Connector.php(44): Illuminate\\Database\\Connectors\\Connector->createPdoConnection('mysql:host=127....', 'root', '', Array)
#2 C:\\Users\\satri\\Downloads\\eSchool-Saas-V1.8.2\\PHP_Code\\vendor\\laravel\\framework\\src\\Illuminate\\Database\\Connectors\\MySqlConnector.php(24): Illuminate\\Database\\Connectors\\Connector->createConnection('mysql:host=127....', Array, Array)
#3 C:\\Users\\satri\\Downloads\\eSchool-Saas-V1.8.2\\PHP_Code\\vendor\\laravel\\framework\\src\\Illuminate\\Database\\Connectors\\ConnectionFactory.php(184): Illuminate\\Database\\Connectors\\MySqlConnector->connect(Array)
#4 [internal function]: Illuminate\\Database\\Connectors\\ConnectionFactory->Illuminate\\Database\\Connectors\\{closure}()
#5 C:\\Users\\satri\\Downloads\\eSchool-Saas-V1.8.2\\PHP_Code\\vendor\\laravel\\framework\\src\\Illuminate\\Database\\Connection.php(1339): call_user_func(Object(Closure))
#6 C:\\Users\\satri\\Downloads\\eSchool-Saas-V1.8.2\\PHP_Code\\vendor\\sagar\\laravel-wizard-installer\\src\\Controllers\\InstallKeysController.php(20): Illuminate\\Database\\Connection->getPdo()
#7 C:\\Users\\satri\\Downloads\\eSchool-Saas-V1.8.2\\PHP_Code\\vendor\\laravel\\framework\\src\\Illuminate\\Routing\\Controller.php(54): dacoto\\LaravelWizardInstaller\\Controllers\\InstallKeysController->__invoke()
#8 C:\\Users\\satri\\Downloads\\eSchool-Saas-V1.8.2\\PHP_Code\\vendor\\laravel\\framework\\src\\Illuminate\\Routing\\ControllerDispatcher.php(43): Illuminate\\Routing\\Controller->callAction('__invoke', Array)
#9 C:\\Users\\satri\\Downloads\\eSchool-Saas-V1.8.2\\PHP_Code\\vendor\\laravel\\framework\\src\\Illuminate\\Routing\\Route.php(259): Illuminate\\Routing\\ControllerDispatcher->dispatch(Object(Illuminate\\Routing\\Route), Object(dacoto\\LaravelWizardInstaller\\Controllers\\InstallKeysController), '__invoke')
#10 C:\\Users\\satri\\Downloads\\eSchool-Saas-V1.8.2\\PHP_Code\\vendor\\laravel\\framework\\src\\Illuminate\\Routing\\Route.php(205): Illuminate\\Routing\\Route->runController()
#11 C:\\Users\\satri\\Downloads\\eSchool-Saas-V1.8.2\\PHP_Code\\vendor\\laravel\\framework\\src\\Illuminate\\Routing\\Router.php(806): Illuminate\\Routing\\Route->run()
#12 C:\\Users\\satri\\Downloads\\eSchool-Saas-V1.8.2\\PHP_Code\\vendor\\laravel\\framework\\src\\Illuminate\\Pipeline\\Pipeline.php(144): Illuminate\\Routing\\Router->Illuminate\\Routing\\{closure}(Object(Illuminate\\Http\\Request))
#13 C:\\Users\\satri\\Downloads\\eSchool-Saas-V1.8.2\\PHP_Code\\vendor\\sagar\\laravel-wizard-installer\\src\\Middleware\\InstallerMiddleware.php(23): Illuminate\\Pipeline\\Pipeline->Illuminate\\Pipeline\\{closure}(Object(Illuminate\\Http\\Request))
#14 C:\\Users\\satri\\Downloads\\eSchool-Saas-V1.8.2\\PHP_Code\\vendor\\laravel\\framework\\src\\Illuminate\\Pipeline\\Pipeline.php(183): dacoto\\LaravelWizardInstaller\\Middleware\\InstallerMiddleware->handle(Object(Illuminate\\Http\\Request), Object(Closure))
#15 C:\\Users\\satri\\Downloads\\eSchool-Saas-V1.8.2\\PHP_Code\\app\\Http\\Middleware\\WizardSettings.php(29): Illuminate\\Pipeline\\Pipeline->Illuminate\\Pipeline\\{closure}(Object(Illuminate\\Http\\Request))
#16 C:\\Users\\satri\\Downloads\\eSchool-Saas-V1.8.2\\PHP_Code\\vendor\\laravel\\framework\\src\\Illuminate\\Pipeline\\Pipeline.php(183): App\\Http\\Middleware\\WizardSettings->handle(Object(Illuminate\\Http\\Request), Object(Closure))
#17 C:\\Users\\satri\\Downloads\\eSchool-Saas-V1.8.2\\PHP_Code\\app\\Http\\Middleware\\LanguageManager.php(61): Illuminate\\Pipeline\\Pipeline->Illuminate\\Pipeline\\{closure}(Object(Illuminate\\Http\\Request))
#18 C:\\Users\\satri\\Downloads\\eSchool-Saas-V1.8.2\\PHP_Code\\vendor\\laravel\\framework\\src\\Illuminate\\Pipeline\\Pipeline.php(183): App\\Http\\Middleware\\LanguageManager->handle(Object(Illuminate\\Http\\Request), Object(Closure))
#19 C:\\Users\\satri\\Downloads\\eSchool-Saas-V1.8.2\\PHP_Code\\app\\Http\\Middleware\\DemoMiddleware.php(68): Illuminate\\Pipeline\\Pipeline->Illuminate\\Pipeline\\{closure}(Object(Illuminate\\Http\\Request))
#20 C:\\Users\\satri\\Downloads\\eSchool-Saas-V1.8.2\\PHP_Code\\vendor\\laravel\\framework\\src\\Illuminate\\Pipeline\\Pipeline.php(183): App\\Http\\Middleware\\DemoMiddleware->handle(Object(Illuminate\\Http\\Request), Object(Closure))
#21 C:\\Users\\satri\\Downloads\\eSchool-Saas-V1.8.2\\PHP_Code\\vendor\\laravel\\framework\\src\\Illuminate\\Routing\\Middleware\\SubstituteBindings.php(50): Illuminate\\Pipeline\\Pipeline->Illuminate\\Pipeline\\{closure}(Object(Illuminate\\Http\\Request))
#22 C:\\Users\\satri\\Downloads\\eSchool-Saas-V1.8.2\\PHP_Code\\vendor\\laravel\\framework\\src\\Illuminate\\Pipeline\\Pipeline.php(183): Illuminate\\Routing\\Middleware\\SubstituteBindings->handle(Object(Illuminate\\Http\\Request), Object(Closure))
#23 C:\\Users\\satri\\Downloads\\eSchool-Saas-V1.8.2\\PHP_Code\\vendor\\laravel\\framework\\src\\Illuminate\\Foundation\\Http\\Middleware\\VerifyCsrfToken.php(78): Illuminate\\Pipeline\\Pipeline->Illuminate\\Pipeline\\{closure}(Object(Illuminate\\Http\\Request))
#24 C:\\Users\\satri\\Downloads\\eSchool-Saas-V1.8.2\\PHP_Code\\vendor\\laravel\\framework\\src\\Illuminate\\Pipeline\\Pipeline.php(183): Illuminate\\Foundation\\Http\\Middleware\\VerifyCsrfToken->handle(Object(Illuminate\\Http\\Request), Object(Closure))
#25 C:\\Users\\satri\\Downloads\\eSchool-Saas-V1.8.2\\PHP_Code\\vendor\\laravel\\framework\\src\\Illuminate\\View\\Middleware\\ShareErrorsFromSession.php(49): Illuminate\\Pipeline\\Pipeline->Illuminate\\Pipeline\\{closure}(Object(Illuminate\\Http\\Request))
#26 C:\\Users\\satri\\Downloads\\eSchool-Saas-V1.8.2\\PHP_Code\\vendor\\laravel\\framework\\src\\Illuminate\\Pipeline\\Pipeline.php(183): Illuminate\\View\\Middleware\\ShareErrorsFromSession->handle(Object(Illuminate\\Http\\Request), Object(Closure))
#27 C:\\Users\\satri\\Downloads\\eSchool-Saas-V1.8.2\\PHP_Code\\vendor\\laravel\\framework\\src\\Illuminate\\Session\\Middleware\\StartSession.php(121): Illuminate\\Pipeline\\Pipeline->Illuminate\\Pipeline\\{closure}(Object(Illuminate\\Http\\Request))
#28 C:\\Users\\satri\\Downloads\\eSchool-Saas-V1.8.2\\PHP_Code\\vendor\\laravel\\framework\\src\\Illuminate\\Session\\Middleware\\StartSession.php(64): Illuminate\\Session\\Middleware\\StartSession->handleStatefulRequest(Object(Illuminate\\Http\\Request), Object(Illuminate\\Session\\Store), Object(Closure))
#29 C:\\Users\\satri\\Downloads\\eSchool-Saas-V1.8.2\\PHP_Code\\vendor\\laravel\\framework\\src\\Illuminate\\Pipeline\\Pipeline.php(183): Illuminate\\Session\\Middleware\\StartSession->handle(Object(Illuminate\\Http\\Request), Object(Closure))
#30 C:\\Users\\satri\\Downloads\\eSchool-Saas-V1.8.2\\PHP_Code\\vendor\\laravel\\framework\\src\\Illuminate\\Cookie\\Middleware\\AddQueuedCookiesToResponse.php(37): Illuminate\\Pipeline\\Pipeline->Illuminate\\Pipeline\\{closure}(Object(Illuminate\\Http\\Request))
#31 C:\\Users\\satri\\Downloads\\eSchool-Saas-V1.8.2\\PHP_Code\\vendor\\laravel\\framework\\src\\Illuminate\\Pipeline\\Pipeline.php(183): Illuminate\\Cookie\\Middleware\\AddQueuedCookiesToResponse->handle(Object(Illuminate\\Http\\Request), Object(Closure))
#32 C:\\Users\\satri\\Downloads\\eSchool-Saas-V1.8.2\\PHP_Code\\vendor\\laravel\\framework\\src\\Illuminate\\Cookie\\Middleware\\EncryptCookies.php(67): Illuminate\\Pipeline\\Pipeline->Illuminate\\Pipeline\\{closure}(Object(Illuminate\\Http\\Request))
#33 C:\\Users\\satri\\Downloads\\eSchool-Saas-V1.8.2\\PHP_Code\\vendor\\laravel\\framework\\src\\Illuminate\\Pipeline\\Pipeline.php(183): Illuminate\\Cookie\\Middleware\\EncryptCookies->handle(Object(Illuminate\\Http\\Request), Object(Closure))
#34 C:\\Users\\satri\\Downloads\\eSchool-Saas-V1.8.2\\PHP_Code\\vendor\\sagar\\laravel-wizard-installer\\src\\Middleware\\ToInstallMiddleware.php(39): Illuminate\\Pipeline\\Pipeline->Illuminate\\Pipeline\\{closure}(Object(Illuminate\\Http\\Request))
#35 C:\\Users\\satri\\Downloads\\eSchool-Saas-V1.8.2\\PHP_Code\\vendor\\laravel\\framework\\src\\Illuminate\\Pipeline\\Pipeline.php(183): dacoto\\LaravelWizardInstaller\\Middleware\\ToInstallMiddleware->handle(Object(Illuminate\\Http\\Request), Object(Closure))
#36 C:\\Users\\satri\\Downloads\\eSchool-Saas-V1.8.2\\PHP_Code\\vendor\\laravel\\framework\\src\\Illuminate\\Pipeline\\Pipeline.php(119): Illuminate\\Pipeline\\Pipeline->Illuminate\\Pipeline\\{closure}(Object(Illuminate\\Http\\Request))
#37 C:\\Users\\satri\\Downloads\\eSchool-Saas-V1.8.2\\PHP_Code\\vendor\\laravel\\framework\\src\\Illuminate\\Routing\\Router.php(805): Illuminate\\Pipeline\\Pipeline->then(Object(Closure))
#38 C:\\Users\\satri\\Downloads\\eSchool-Saas-V1.8.2\\PHP_Code\\vendor\\laravel\\framework\\src\\Illuminate\\Routing\\Router.php(784): Illuminate\\Routing\\Router->runRouteWithinStack(Object(Illuminate\\Routing\\Route), Object(Illuminate\\Http\\Request))
#39 C:\\Users\\satri\\Downloads\\eSchool-Saas-V1.8.2\\PHP_Code\\vendor\\laravel\\framework\\src\\Illuminate\\Routing\\Router.php(748): Illuminate\\Routing\\Router->runRoute(Object(Illuminate\\Http\\Request), Object(Illuminate\\Routing\\Route))
#40 C:\\Users\\satri\\Downloads\\eSchool-Saas-V1.8.2\\PHP_Code\\vendor\\laravel\\framework\\src\\Illuminate\\Routing\\Router.php(737): Illuminate\\Routing\\Router->dispatchToRoute(Object(Illuminate\\Http\\Request))
#41 C:\\Users\\satri\\Downloads\\eSchool-Saas-V1.8.2\\PHP_Code\\vendor\\laravel\\framework\\src\\Illuminate\\Foundation\\Http\\Kernel.php(200): Illuminate\\Routing\\Router->dispatch(Object(Illuminate\\Http\\Request))
#42 C:\\Users\\satri\\Downloads\\eSchool-Saas-V1.8.2\\PHP_Code\\vendor\\laravel\\framework\\src\\Illuminate\\Pipeline\\Pipeline.php(144): Illuminate\\Foundation\\Http\\Kernel->Illuminate\\Foundation\\Http\\{closure}(Object(Illuminate\\Http\\Request))
#43 C:\\Users\\satri\\Downloads\\eSchool-Saas-V1.8.2\\PHP_Code\\vendor\\beyondcode\\laravel-query-detector\\src\\QueryDetectorMiddleware.php(27): Illuminate\\Pipeline\\Pipeline->Illuminate\\Pipeline\\{closure}(Object(Illuminate\\Http\\Request))
#44 C:\\Users\\satri\\Downloads\\eSchool-Saas-V1.8.2\\PHP_Code\\vendor\\laravel\\framework\\src\\Illuminate\\Pipeline\\Pipeline.php(183): BeyondCode\\QueryDetector\\QueryDetectorMiddleware->handle(Object(Illuminate\\Http\\Request), Object(Closure))
#45 C:\\Users\\satri\\Downloads\\eSchool-Saas-V1.8.2\\PHP_Code\\vendor\\barryvdh\\laravel-debugbar\\src\\Middleware\\InjectDebugbar.php(59): Illuminate\\Pipeline\\Pipeline->Illuminate\\Pipeline\\{closure}(Object(Illuminate\\Http\\Request))
#46 C:\\Users\\satri\\Downloads\\eSchool-Saas-V1.8.2\\PHP_Code\\vendor\\laravel\\framework\\src\\Illuminate\\Pipeline\\Pipeline.php(183): Barryvdh\\Debugbar\\Middleware\\InjectDebugbar->handle(Object(Illuminate\\Http\\Request), Object(Closure))
#47 C:\\Users\\satri\\Downloads\\eSchool-Saas-V1.8.2\\PHP_Code\\vendor\\laravel\\framework\\src\\Illuminate\\Foundation\\Http\\Middleware\\TransformsRequest.php(21): Illuminate\\Pipeline\\Pipeline->Illuminate\\Pipeline\\{closure}(Object(Illuminate\\Http\\Request))
#48 C:\\Users\\satri\\Downloads\\eSchool-Saas-V1.8.2\\PHP_Code\\vendor\\laravel\\framework\\src\\Illuminate\\Foundation\\Http\\Middleware\\ConvertEmptyStringsToNull.php(31): Illuminate\\Foundation\\Http\\Middleware\\TransformsRequest->handle(Object(Illuminate\\Http\\Request), Object(Closure))
#49 C:\\Users\\satri\\Downloads\\eSchool-Saas-V1.8.2\\PHP_Code\\vendor\\laravel\\framework\\src\\Illuminate\\Pipeline\\Pipeline.php(183): Illuminate\\Foundation\\Http\\Middleware\\ConvertEmptyStringsToNull->handle(Object(Illuminate\\Http\\Request), Object(Closure))
#50 C:\\Users\\satri\\Downloads\\eSchool-Saas-V1.8.2\\PHP_Code\\vendor\\laravel\\framework\\src\\Illuminate\\Foundation\\Http\\Middleware\\TransformsRequest.php(21): Illuminate\\Pipeline\\Pipeline->Illuminate\\Pipeline\\{closure}(Object(Illuminate\\Http\\Request))
#51 C:\\Users\\satri\\Downloads\\eSchool-Saas-V1.8.2\\PHP_Code\\vendor\\laravel\\framework\\src\\Illuminate\\Foundation\\Http\\Middleware\\TrimStrings.php(40): Illuminate\\Foundation\\Http\\Middleware\\TransformsRequest->handle(Object(Illuminate\\Http\\Request), Object(Closure))
#52 C:\\Users\\satri\\Downloads\\eSchool-Saas-V1.8.2\\PHP_Code\\vendor\\laravel\\framework\\src\\Illuminate\\Pipeline\\Pipeline.php(183): Illuminate\\Foundation\\Http\\Middleware\\TrimStrings->handle(Object(Illuminate\\Http\\Request), Object(Closure))
#53 C:\\Users\\satri\\Downloads\\eSchool-Saas-V1.8.2\\PHP_Code\\vendor\\laravel\\framework\\src\\Illuminate\\Foundation\\Http\\Middleware\\ValidatePostSize.php(27): Illuminate\\Pipeline\\Pipeline->Illuminate\\Pipeline\\{closure}(Object(Illuminate\\Http\\Request))
#54 C:\\Users\\satri\\Downloads\\eSchool-Saas-V1.8.2\\PHP_Code\\vendor\\laravel\\framework\\src\\Illuminate\\Pipeline\\Pipeline.php(183): Illuminate\\Foundation\\Http\\Middleware\\ValidatePostSize->handle(Object(Illuminate\\Http\\Request), Object(Closure))
#55 C:\\Users\\satri\\Downloads\\eSchool-Saas-V1.8.2\\PHP_Code\\vendor\\laravel\\framework\\src\\Illuminate\\Foundation\\Http\\Middleware\\PreventRequestsDuringMaintenance.php(99): Illuminate\\Pipeline\\Pipeline->Illuminate\\Pipeline\\{closure}(Object(Illuminate\\Http\\Request))
#56 C:\\Users\\satri\\Downloads\\eSchool-Saas-V1.8.2\\PHP_Code\\vendor\\laravel\\framework\\src\\Illuminate\\Pipeline\\Pipeline.php(183): Illuminate\\Foundation\\Http\\Middleware\\PreventRequestsDuringMaintenance->handle(Object(Illuminate\\Http\\Request), Object(Closure))
#57 C:\\Users\\satri\\Downloads\\eSchool-Saas-V1.8.2\\PHP_Code\\vendor\\laravel\\framework\\src\\Illuminate\\Http\\Middleware\\HandleCors.php(49): Illuminate\\Pipeline\\Pipeline->Illuminate\\Pipeline\\{closure}(Object(Illuminate\\Http\\Request))
#58 C:\\Users\\satri\\Downloads\\eSchool-Saas-V1.8.2\\PHP_Code\\vendor\\laravel\\framework\\src\\Illuminate\\Pipeline\\Pipeline.php(183): Illuminate\\Http\\Middleware\\HandleCors->handle(Object(Illuminate\\Http\\Request), Object(Closure))
#59 C:\\Users\\satri\\Downloads\\eSchool-Saas-V1.8.2\\PHP_Code\\vendor\\laravel\\framework\\src\\Illuminate\\Http\\Middleware\\TrustProxies.php(39): Illuminate\\Pipeline\\Pipeline->Illuminate\\Pipeline\\{closure}(Object(Illuminate\\Http\\Request))
#60 C:\\Users\\satri\\Downloads\\eSchool-Saas-V1.8.2\\PHP_Code\\vendor\\laravel\\framework\\src\\Illuminate\\Pipeline\\Pipeline.php(183): Illuminate\\Http\\Middleware\\TrustProxies->handle(Object(Illuminate\\Http\\Request), Object(Closure))
#61 C:\\Users\\satri\\Downloads\\eSchool-Saas-V1.8.2\\PHP_Code\\vendor\\laravel\\framework\\src\\Illuminate\\Pipeline\\Pipeline.php(119): Illuminate\\Pipeline\\Pipeline->Illuminate\\Pipeline\\{closure}(Object(Illuminate\\Http\\Request))
#62 C:\\Users\\satri\\Downloads\\eSchool-Saas-V1.8.2\\PHP_Code\\vendor\\laravel\\framework\\src\\Illuminate\\Foundation\\Http\\Kernel.php(175): Illuminate\\Pipeline\\Pipeline->then(Object(Closure))
#63 C:\\Users\\satri\\Downloads\\eSchool-Saas-V1.8.2\\PHP_Code\\vendor\\laravel\\framework\\src\\Illuminate\\Foundation\\Http\\Kernel.php(144): Illuminate\\Foundation\\Http\\Kernel->sendRequestThroughRouter(Object(Illuminate\\Http\\Request))
#64 C:\\Users\\satri\\Downloads\\eSchool-Saas-V1.8.2\\PHP_Code\\public\\index.php(51): Illuminate\\Foundation\\Http\\Kernel->handle(Object(Illuminate\\Http\\Request))
#65 C:\\Users\\satri\\Downloads\\eSchool-Saas-V1.8.2\\PHP_Code\\vendor\\laravel\\framework\\src\\Illuminate\\Foundation\\resources\\server.php(16): require_once('C:\\\\Users\\\\satri\\\\...')
#66 {main}
"} 
[2026-02-13 11:38:57] local.ERROR: Login attempt failed in main database. Email: satrioathallah403@gmail.com  
