[2026-03-03 11:34:42] local.ERROR: Target class [App\Models\Student] does not exist. {"exception":"[object] (Illuminate\\Contracts\\Container\\BindingResolutionException(code: 0): Target class [App\\Models\\Student] does not exist. at C:\\Users\\satri\\Downloads\\eSchool-Saas-V1.8.2\\PHP_Code\\vendor\\laravel\\framework\\src\\Illuminate\\Container\\Container.php:914)
[stacktrace]
#0 C:\\Users\\satri\\Downloads\\eSchool-Saas-V1.8.2\\PHP_Code\\vendor\\laravel\\framework\\src\\Illuminate\\Container\\Container.php(795): Illuminate\\Container\\Container->build('App\\\\Models\\\\Stud...')
#1 C:\\Users\\satri\\Downloads\\eSchool-Saas-V1.8.2\\PHP_Code\\vendor\\laravel\\framework\\src\\Illuminate\\Foundation\\Application.php(963): Illuminate\\Container\\Container->resolve('App\\\\Models\\\\Stud...', Array, true)
#2 C:\\Users\\satri\\Downloads\\eSchool-Saas-V1.8.2\\PHP_Code\\vendor\\laravel\\framework\\src\\Illuminate\\Container\\Container.php(731): Illuminate\\Foundation\\Application->resolve('App\\\\Models\\\\Stud...', Array)
#3 C:\\Users\\satri\\Downloads\\eSchool-Saas-V1.8.2\\PHP_Code\\vendor\\laravel\\framework\\src\\Illuminate\\Foundation\\Application.php(948): Illuminate\\Container\\Container->make('App\\\\Models\\\\Stud...', Array)
#4 C:\\Users\\satri\\Downloads\\eSchool-Saas-V1.8.2\\PHP_Code\\vendor\\laravel\\framework\\src\\Illuminate\\Container\\Container.php(1066): Illuminate\\Foundation\\Application->make('App\\\\Models\\\\Stud...')
#5 C:\\Users\\satri\\Downloads\\eSchool-Saas-V1.8.2\\PHP_Code\\vendor\\laravel\\framework\\src\\Illuminate\\Container\\Container.php(982): Illuminate\\Container\\Container->resolveClass(Object(ReflectionParameter))
#6 C:\\Users\\satri\\Downloads\\eSchool-Saas-V1.8.2\\PHP_Code\\vendor\\laravel\\framework\\src\\Illuminate\\Container\\Container.php(943): Illuminate\\Container\\Container->resolveDependencies(Array)
#7 C:\\Users\\satri\\Downloads\\eSchool-Saas-V1.8.2\\PHP_Code\\vendor\\laravel\\framework\\src\\Illuminate\\Container\\Container.php(795): Illuminate\\Container\\Container->build('App\\\\Http\\\\Contro...')
#8 C:\\Users\\satri\\Downloads\\eSchool-Saas-V1.8.2\\PHP_Code\\vendor\\laravel\\framework\\src\\Illuminate\\Foundation\\Application.php(963): Illuminate\\Container\\Container->resolve('App\\\\Http\\\\Contro...', Array, true)
#9 C:\\Users\\satri\\Downloads\\eSchool-Saas-V1.8.2\\PHP_Code\\vendor\\laravel\\framework\\src\\Illuminate\\Container\\Container.php(731): Illuminate\\Foundation\\Application->resolve('App\\\\Http\\\\Contro...', Array)
#10 C:\\Users\\satri\\Downloads\\eSchool-Saas-V1.8.2\\PHP_Code\\vendor\\laravel\\framework\\src\\Illuminate\\Foundation\\Application.php(948): Illuminate\\Container\\Container->make('App\\\\Http\\\\Contro...', Array)
#11 C:\\Users\\satri\\Downloads\\eSchool-Saas-V1.8.2\\PHP_Code\\vendor\\laravel\\framework\\src\\Illuminate\\Routing\\Route.php(278): Illuminate\\Foundation\\Application->make('App\\\\Http\\\\Contro...')
#12 C:\\Users\\satri\\Downloads\\eSchool-Saas-V1.8.2\\PHP_Code\\vendor\\laravel\\framework\\src\\Illuminate\\Routing\\Route.php(1104): Illuminate\\Routing\\Route->getController()
#13 C:\\Users\\satri\\Downloads\\eSchool-Saas-V1.8.2\\PHP_Code\\vendor\\laravel\\framework\\src\\Illuminate\\Routing\\Route.php(1035): Illuminate\\Routing\\Route->controllerMiddleware()
#14 C:\\Users\\satri\\Downloads\\eSchool-Saas-V1.8.2\\PHP_Code\\vendor\\laravel\\framework\\src\\Illuminate\\Routing\\Router.php(818): Illuminate\\Routing\\Route->gatherMiddleware()
#15 C:\\Users\\satri\\Downloads\\eSchool-Saas-V1.8.2\\PHP_Code\\vendor\\laravel\\framework\\src\\Illuminate\\Routing\\Router.php(800): Illuminate\\Routing\\Router->gatherRouteMiddleware(Object(Illuminate\\Routing\\Route))
#16 C:\\Users\\satri\\Downloads\\eSchool-Saas-V1.8.2\\PHP_Code\\vendor\\laravel\\framework\\src\\Illuminate\\Routing\\Router.php(784): Illuminate\\Routing\\Router->runRouteWithinStack(Object(Illuminate\\Routing\\Route), Object(Illuminate\\Http\\Request))
#17 C:\\Users\\satri\\Downloads\\eSchool-Saas-V1.8.2\\PHP_Code\\vendor\\laravel\\framework\\src\\Illuminate\\Routing\\Router.php(748): Illuminate\\Routing\\Router->runRoute(Object(Illuminate\\Http\\Request), Object(Illuminate\\Routing\\Route))
#18 C:\\Users\\satri\\Downloads\\eSchool-Saas-V1.8.2\\PHP_Code\\vendor\\laravel\\framework\\src\\Illuminate\\Routing\\Router.php(737): Illuminate\\Routing\\Router->dispatchToRoute(Object(Illuminate\\Http\\Request))
#19 C:\\Users\\satri\\Downloads\\eSchool-Saas-V1.8.2\\PHP_Code\\vendor\\laravel\\framework\\src\\Illuminate\\Foundation\\Http\\Kernel.php(200): Illuminate\\Routing\\Router->dispatch(Object(Illuminate\\Http\\Request))
#20 C:\\Users\\satri\\Downloads\\eSchool-Saas-V1.8.2\\PHP_Code\\vendor\\laravel\\framework\\src\\Illuminate\\Pipeline\\Pipeline.php(144): Illuminate\\Foundation\\Http\\Kernel->Illuminate\\Foundation\\Http\\{closure}(Object(Illuminate\\Http\\Request))
#21 C:\\Users\\satri\\Downloads\\eSchool-Saas-V1.8.2\\PHP_Code\\vendor\\beyondcode\\laravel-query-detector\\src\\QueryDetectorMiddleware.php(33): Illuminate\\Pipeline\\Pipeline->Illuminate\\Pipeline\\{closure}(Object(Illuminate\\Http\\Request))
#22 C:\\Users\\satri\\Downloads\\eSchool-Saas-V1.8.2\\PHP_Code\\vendor\\laravel\\framework\\src\\Illuminate\\Pipeline\\Pipeline.php(183): BeyondCode\\QueryDetector\\QueryDetectorMiddleware->handle(Object(Illuminate\\Http\\Request), Object(Closure))
#23 C:\\Users\\satri\\Downloads\\eSchool-Saas-V1.8.2\\PHP_Code\\vendor\\barryvdh\\laravel-debugbar\\src\\Middleware\\InjectDebugbar.php(66): Illuminate\\Pipeline\\Pipeline->Illuminate\\Pipeline\\{closure}(Object(Illuminate\\Http\\Request))
#24 C:\\Users\\satri\\Downloads\\eSchool-Saas-V1.8.2\\PHP_Code\\vendor\\laravel\\framework\\src\\Illuminate\\Pipeline\\Pipeline.php(183): Barryvdh\\Debugbar\\Middleware\\InjectDebugbar->handle(Object(Illuminate\\Http\\Request), Object(Closure))
#25 C:\\Users\\satri\\Downloads\\eSchool-Saas-V1.8.2\\PHP_Code\\vendor\\laravel\\framework\\src\\Illuminate\\Foundation\\Http\\Middleware\\TransformsRequest.php(21): Illuminate\\Pipeline\\Pipeline->Illuminate\\Pipeline\\{closure}(Object(Illuminate\\Http\\Request))
#26 C:\\Users\\satri\\Downloads\\eSchool-Saas-V1.8.2\\PHP_Code\\vendor\\laravel\\framework\\src\\Illuminate\\Foundation\\Http\\Middleware\\ConvertEmptyStringsToNull.php(31): Illuminate\\Foundation\\Http\\Middleware\\TransformsRequest->handle(Object(Illuminate\\Http\\Request), Object(Closure))
#27 C:\\Users\\satri\\Downloads\\eSchool-Saas-V1.8.2\\PHP_Code\\vendor\\laravel\\framework\\src\\Illuminate\\Pipeline\\Pipeline.php(183): Illuminate\\Foundation\\Http\\Middleware\\ConvertEmptyStringsToNull->handle(Object(Illuminate\\Http\\Request), Object(Closure))
#28 C:\\Users\\satri\\Downloads\\eSchool-Saas-V1.8.2\\PHP_Code\\vendor\\laravel\\framework\\src\\Illuminate\\Foundation\\Http\\Middleware\\TransformsRequest.php(21): Illuminate\\Pipeline\\Pipeline->Illuminate\\Pipeline\\{closure}(Object(Illuminate\\Http\\Request))
#29 C:\\Users\\satri\\Downloads\\eSchool-Saas-V1.8.2\\PHP_Code\\vendor\\laravel\\framework\\src\\Illuminate\\Foundation\\Http\\Middleware\\TrimStrings.php(40): Illuminate\\Foundation\\Http\\Middleware\\TransformsRequest->handle(Object(Illuminate\\Http\\Request), Object(Closure))
#30 C:\\Users\\satri\\Downloads\\eSchool-Saas-V1.8.2\\PHP_Code\\vendor\\laravel\\framework\\src\\Illuminate\\Pipeline\\Pipeline.php(183): Illuminate\\Foundation\\Http\\Middleware\\TrimStrings->handle(Object(Illuminate\\Http\\Request), Object(Closure))
#31 C:\\Users\\satri\\Downloads\\eSchool-Saas-V1.8.2\\PHP_Code\\vendor\\laravel\\framework\\src\\Illuminate\\Foundation\\Http\\Middleware\\ValidatePostSize.php(27): Illuminate\\Pipeline\\Pipeline->Illuminate\\Pipeline\\{closure}(Object(Illuminate\\Http\\Request))
#32 C:\\Users\\satri\\Downloads\\eSchool-Saas-V1.8.2\\PHP_Code\\vendor\\laravel\\framework\\src\\Illuminate\\Pipeline\\Pipeline.php(183): Illuminate\\Foundation\\Http\\Middleware\\ValidatePostSize->handle(Object(Illuminate\\Http\\Request), Object(Closure))
#33 C:\\Users\\satri\\Downloads\\eSchool-Saas-V1.8.2\\PHP_Code\\vendor\\laravel\\framework\\src\\Illuminate\\Foundation\\Http\\Middleware\\PreventRequestsDuringMaintenance.php(99): Illuminate\\Pipeline\\Pipeline->Illuminate\\Pipeline\\{closure}(Object(Illuminate\\Http\\Request))
#34 C:\\Users\\satri\\Downloads\\eSchool-Saas-V1.8.2\\PHP_Code\\vendor\\laravel\\framework\\src\\Illuminate\\Pipeline\\Pipeline.php(183): Illuminate\\Foundation\\Http\\Middleware\\PreventRequestsDuringMaintenance->handle(Object(Illuminate\\Http\\Request), Object(Closure))
#35 C:\\Users\\satri\\Downloads\\eSchool-Saas-V1.8.2\\PHP_Code\\vendor\\laravel\\framework\\src\\Illuminate\\Http\\Middleware\\HandleCors.php(62): Illuminate\\Pipeline\\Pipeline->Illuminate\\Pipeline\\{closure}(Object(Illuminate\\Http\\Request))
#36 C:\\Users\\satri\\Downloads\\eSchool-Saas-V1.8.2\\PHP_Code\\vendor\\laravel\\framework\\src\\Illuminate\\Pipeline\\Pipeline.php(183): Illuminate\\Http\\Middleware\\HandleCors->handle(Object(Illuminate\\Http\\Request), Object(Closure))
#37 C:\\Users\\satri\\Downloads\\eSchool-Saas-V1.8.2\\PHP_Code\\vendor\\laravel\\framework\\src\\Illuminate\\Http\\Middleware\\TrustProxies.php(39): Illuminate\\Pipeline\\Pipeline->Illuminate\\Pipeline\\{closure}(Object(Illuminate\\Http\\Request))
#38 C:\\Users\\satri\\Downloads\\eSchool-Saas-V1.8.2\\PHP_Code\\vendor\\laravel\\framework\\src\\Illuminate\\Pipeline\\Pipeline.php(183): Illuminate\\Http\\Middleware\\TrustProxies->handle(Object(Illuminate\\Http\\Request), Object(Closure))
#39 C:\\Users\\satri\\Downloads\\eSchool-Saas-V1.8.2\\PHP_Code\\vendor\\laravel\\framework\\src\\Illuminate\\Pipeline\\Pipeline.php(119): Illuminate\\Pipeline\\Pipeline->Illuminate\\Pipeline\\{closure}(Object(Illuminate\\Http\\Request))
#40 C:\\Users\\satri\\Downloads\\eSchool-Saas-V1.8.2\\PHP_Code\\vendor\\laravel\\framework\\src\\Illuminate\\Foundation\\Http\\Kernel.php(175): Illuminate\\Pipeline\\Pipeline->then(Object(Closure))
#41 C:\\Users\\satri\\Downloads\\eSchool-Saas-V1.8.2\\PHP_Code\\vendor\\laravel\\framework\\src\\Illuminate\\Foundation\\Http\\Kernel.php(144): Illuminate\\Foundation\\Http\\Kernel->sendRequestThroughRouter(Object(Illuminate\\Http\\Request))
#42 C:\\Users\\satri\\Downloads\\eSchool-Saas-V1.8.2\\PHP_Code\\public\\index.php(51): Illuminate\\Foundation\\Http\\Kernel->handle(Object(Illuminate\\Http\\Request))
#43 C:\\Users\\satri\\Downloads\\eSchool-Saas-V1.8.2\\PHP_Code\\vendor\\laravel\\framework\\src\\Illuminate\\Foundation\\resources\\server.php(16): require_once('C:\\\\Users\\\\satri\\\\...')
#44 {main}

[previous exception] [object] (ReflectionException(code: -1): Class \"App\\Models\\Student\" does not exist at C:\\Users\\satri\\Downloads\\eSchool-Saas-V1.8.2\\PHP_Code\\vendor\\laravel\\framework\\src\\Illuminate\\Container\\Container.php:912)
[stacktrace]
#0 C:\\Users\\satri\\Downloads\\eSchool-Saas-V1.8.2\\PHP_Code\\vendor\\laravel\\framework\\src\\Illuminate\\Container\\Container.php(912): ReflectionClass->__construct('App\\\\Models\\\\Stud...')
#1 C:\\Users\\satri\\Downloads\\eSchool-Saas-V1.8.2\\PHP_Code\\vendor\\laravel\\framework\\src\\Illuminate\\Container\\Container.php(795): Illuminate\\Container\\Container->build('App\\\\Models\\\\Stud...')
#2 C:\\Users\\satri\\Downloads\\eSchool-Saas-V1.8.2\\PHP_Code\\vendor\\laravel\\framework\\src\\Illuminate\\Foundation\\Application.php(963): Illuminate\\Container\\Container->resolve('App\\\\Models\\\\Stud...', Array, true)
#3 C:\\Users\\satri\\Downloads\\eSchool-Saas-V1.8.2\\PHP_Code\\vendor\\laravel\\framework\\src\\Illuminate\\Container\\Container.php(731): Illuminate\\Foundation\\Application->resolve('App\\\\Models\\\\Stud...', Array)
#4 C:\\Users\\satri\\Downloads\\eSchool-Saas-V1.8.2\\PHP_Code\\vendor\\laravel\\framework\\src\\Illuminate\\Foundation\\Application.php(948): Illuminate\\Container\\Container->make('App\\\\Models\\\\Stud...', Array)
#5 C:\\Users\\satri\\Downloads\\eSchool-Saas-V1.8.2\\PHP_Code\\vendor\\laravel\\framework\\src\\Illuminate\\Container\\Container.php(1066): Illuminate\\Foundation\\Application->make('App\\\\Models\\\\Stud...')
#6 C:\\Users\\satri\\Downloads\\eSchool-Saas-V1.8.2\\PHP_Code\\vendor\\laravel\\framework\\src\\Illuminate\\Container\\Container.php(982): Illuminate\\Container\\Container->resolveClass(Object(ReflectionParameter))
#7 C:\\Users\\satri\\Downloads\\eSchool-Saas-V1.8.2\\PHP_Code\\vendor\\laravel\\framework\\src\\Illuminate\\Container\\Container.php(943): Illuminate\\Container\\Container->resolveDependencies(Array)
#8 C:\\Users\\satri\\Downloads\\eSchool-Saas-V1.8.2\\PHP_Code\\vendor\\laravel\\framework\\src\\Illuminate\\Container\\Container.php(795): Illuminate\\Container\\Container->build('App\\\\Http\\\\Contro...')
#9 C:\\Users\\satri\\Downloads\\eSchool-Saas-V1.8.2\\PHP_Code\\vendor\\laravel\\framework\\src\\Illuminate\\Foundation\\Application.php(963): Illuminate\\Container\\Container->resolve('App\\\\Http\\\\Contro...', Array, true)
#10 C:\\Users\\satri\\Downloads\\eSchool-Saas-V1.8.2\\PHP_Code\\vendor\\laravel\\framework\\src\\Illuminate\\Container\\Container.php(731): Illuminate\\Foundation\\Application->resolve('App\\\\Http\\\\Contro...', Array)
#11 C:\\Users\\satri\\Downloads\\eSchool-Saas-V1.8.2\\PHP_Code\\vendor\\laravel\\framework\\src\\Illuminate\\Foundation\\Application.php(948): Illuminate\\Container\\Container->make('App\\\\Http\\\\Contro...', Array)
#12 C:\\Users\\satri\\Downloads\\eSchool-Saas-V1.8.2\\PHP_Code\\vendor\\laravel\\framework\\src\\Illuminate\\Routing\\Route.php(278): Illuminate\\Foundation\\Application->make('App\\\\Http\\\\Contro...')
#13 C:\\Users\\satri\\Downloads\\eSchool-Saas-V1.8.2\\PHP_Code\\vendor\\laravel\\framework\\src\\Illuminate\\Routing\\Route.php(1104): Illuminate\\Routing\\Route->getController()
#14 C:\\Users\\satri\\Downloads\\eSchool-Saas-V1.8.2\\PHP_Code\\vendor\\laravel\\framework\\src\\Illuminate\\Routing\\Route.php(1035): Illuminate\\Routing\\Route->controllerMiddleware()
#15 C:\\Users\\satri\\Downloads\\eSchool-Saas-V1.8.2\\PHP_Code\\vendor\\laravel\\framework\\src\\Illuminate\\Routing\\Router.php(818): Illuminate\\Routing\\Route->gatherMiddleware()
#16 C:\\Users\\satri\\Downloads\\eSchool-Saas-V1.8.2\\PHP_Code\\vendor\\laravel\\framework\\src\\Illuminate\\Routing\\Router.php(800): Illuminate\\Routing\\Router->gatherRouteMiddleware(Object(Illuminate\\Routing\\Route))
#17 C:\\Users\\satri\\Downloads\\eSchool-Saas-V1.8.2\\PHP_Code\\vendor\\laravel\\framework\\src\\Illuminate\\Routing\\Router.php(784): Illuminate\\Routing\\Router->runRouteWithinStack(Object(Illuminate\\Routing\\Route), Object(Illuminate\\Http\\Request))
#18 C:\\Users\\satri\\Downloads\\eSchool-Saas-V1.8.2\\PHP_Code\\vendor\\laravel\\framework\\src\\Illuminate\\Routing\\Router.php(748): Illuminate\\Routing\\Router->runRoute(Object(Illuminate\\Http\\Request), Object(Illuminate\\Routing\\Route))
#19 C:\\Users\\satri\\Downloads\\eSchool-Saas-V1.8.2\\PHP_Code\\vendor\\laravel\\framework\\src\\Illuminate\\Routing\\Router.php(737): Illuminate\\Routing\\Router->dispatchToRoute(Object(Illuminate\\Http\\Request))
#20 C:\\Users\\satri\\Downloads\\eSchool-Saas-V1.8.2\\PHP_Code\\vendor\\laravel\\framework\\src\\Illuminate\\Foundation\\Http\\Kernel.php(200): Illuminate\\Routing\\Router->dispatch(Object(Illuminate\\Http\\Request))
#21 C:\\Users\\satri\\Downloads\\eSchool-Saas-V1.8.2\\PHP_Code\\vendor\\laravel\\framework\\src\\Illuminate\\Pipeline\\Pipeline.php(144): Illuminate\\Foundation\\Http\\Kernel->Illuminate\\Foundation\\Http\\{closure}(Object(Illuminate\\Http\\Request))
#22 C:\\Users\\satri\\Downloads\\eSchool-Saas-V1.8.2\\PHP_Code\\vendor\\beyondcode\\laravel-query-detector\\src\\QueryDetectorMiddleware.php(33): Illuminate\\Pipeline\\Pipeline->Illuminate\\Pipeline\\{closure}(Object(Illuminate\\Http\\Request))
#23 C:\\Users\\satri\\Downloads\\eSchool-Saas-V1.8.2\\PHP_Code\\vendor\\laravel\\framework\\src\\Illuminate\\Pipeline\\Pipeline.php(183): BeyondCode\\QueryDetector\\QueryDetectorMiddleware->handle(Object(Illuminate\\Http\\Request), Object(Closure))
#24 C:\\Users\\satri\\Downloads\\eSchool-Saas-V1.8.2\\PHP_Code\\vendor\\barryvdh\\laravel-debugbar\\src\\Middleware\\InjectDebugbar.php(66): Illuminate\\Pipeline\\Pipeline->Illuminate\\Pipeline\\{closure}(Object(Illuminate\\Http\\Request))
#25 C:\\Users\\satri\\Downloads\\eSchool-Saas-V1.8.2\\PHP_Code\\vendor\\laravel\\framework\\src\\Illuminate\\Pipeline\\Pipeline.php(183): Barryvdh\\Debugbar\\Middleware\\InjectDebugbar->handle(Object(Illuminate\\Http\\Request), Object(Closure))
#26 C:\\Users\\satri\\Downloads\\eSchool-Saas-V1.8.2\\PHP_Code\\vendor\\laravel\\framework\\src\\Illuminate\\Foundation\\Http\\Middleware\\TransformsRequest.php(21): Illuminate\\Pipeline\\Pipeline->Illuminate\\Pipeline\\{closure}(Object(Illuminate\\Http\\Request))
#27 C:\\Users\\satri\\Downloads\\eSchool-Saas-V1.8.2\\PHP_Code\\vendor\\laravel\\framework\\src\\Illuminate\\Foundation\\Http\\Middleware\\ConvertEmptyStringsToNull.php(31): Illuminate\\Foundation\\Http\\Middleware\\TransformsRequest->handle(Object(Illuminate\\Http\\Request), Object(Closure))
#28 C:\\Users\\satri\\Downloads\\eSchool-Saas-V1.8.2\\PHP_Code\\vendor\\laravel\\framework\\src\\Illuminate\\Pipeline\\Pipeline.php(183): Illuminate\\Foundation\\Http\\Middleware\\ConvertEmptyStringsToNull->handle(Object(Illuminate\\Http\\Request), Object(Closure))
#29 C:\\Users\\satri\\Downloads\\eSchool-Saas-V1.8.2\\PHP_Code\\vendor\\laravel\\framework\\src\\Illuminate\\Foundation\\Http\\Middleware\\TransformsRequest.php(21): Illuminate\\Pipeline\\Pipeline->Illuminate\\Pipeline\\{closure}(Object(Illuminate\\Http\\Request))
#30 C:\\Users\\satri\\Downloads\\eSchool-Saas-V1.8.2\\PHP_Code\\vendor\\laravel\\framework\\src\\Illuminate\\Foundation\\Http\\Middleware\\TrimStrings.php(40): Illuminate\\Foundation\\Http\\Middleware\\TransformsRequest->handle(Object(Illuminate\\Http\\Request), Object(Closure))
#31 C:\\Users\\satri\\Downloads\\eSchool-Saas-V1.8.2\\PHP_Code\\vendor\\laravel\\framework\\src\\Illuminate\\Pipeline\\Pipeline.php(183): Illuminate\\Foundation\\Http\\Middleware\\TrimStrings->handle(Object(Illuminate\\Http\\Request), Object(Closure))
#32 C:\\Users\\satri\\Downloads\\eSchool-Saas-V1.8.2\\PHP_Code\\vendor\\laravel\\framework\\src\\Illuminate\\Foundation\\Http\\Middleware\\ValidatePostSize.php(27): Illuminate\\Pipeline\\Pipeline->Illuminate\\Pipeline\\{closure}(Object(Illuminate\\Http\\Request))
#33 C:\\Users\\satri\\Downloads\\eSchool-Saas-V1.8.2\\PHP_Code\\vendor\\laravel\\framework\\src\\Illuminate\\Pipeline\\Pipeline.php(183): Illuminate\\Foundation\\Http\\Middleware\\ValidatePostSize->handle(Object(Illuminate\\Http\\Request), Object(Closure))
#34 C:\\Users\\satri\\Downloads\\eSchool-Saas-V1.8.2\\PHP_Code\\vendor\\laravel\\framework\\src\\Illuminate\\Foundation\\Http\\Middleware\\PreventRequestsDuringMaintenance.php(99): Illuminate\\Pipeline\\Pipeline->Illuminate\\Pipeline\\{closure}(Object(Illuminate\\Http\\Request))
#35 C:\\Users\\satri\\Downloads\\eSchool-Saas-V1.8.2\\PHP_Code\\vendor\\laravel\\framework\\src\\Illuminate\\Pipeline\\Pipeline.php(183): Illuminate\\Foundation\\Http\\Middleware\\PreventRequestsDuringMaintenance->handle(Object(Illuminate\\Http\\Request), Object(Closure))
#36 C:\\Users\\satri\\Downloads\\eSchool-Saas-V1.8.2\\PHP_Code\\vendor\\laravel\\framework\\src\\Illuminate\\Http\\Middleware\\HandleCors.php(62): Illuminate\\Pipeline\\Pipeline->Illuminate\\Pipeline\\{closure}(Object(Illuminate\\Http\\Request))
#37 C:\\Users\\satri\\Downloads\\eSchool-Saas-V1.8.2\\PHP_Code\\vendor\\laravel\\framework\\src\\Illuminate\\Pipeline\\Pipeline.php(183): Illuminate\\Http\\Middleware\\HandleCors->handle(Object(Illuminate\\Http\\Request), Object(Closure))
#38 C:\\Users\\satri\\Downloads\\eSchool-Saas-V1.8.2\\PHP_Code\\vendor\\laravel\\framework\\src\\Illuminate\\Http\\Middleware\\TrustProxies.php(39): Illuminate\\Pipeline\\Pipeline->Illuminate\\Pipeline\\{closure}(Object(Illuminate\\Http\\Request))
#39 C:\\Users\\satri\\Downloads\\eSchool-Saas-V1.8.2\\PHP_Code\\vendor\\laravel\\framework\\src\\Illuminate\\Pipeline\\Pipeline.php(183): Illuminate\\Http\\Middleware\\TrustProxies->handle(Object(Illuminate\\Http\\Request), Object(Closure))
#40 C:\\Users\\satri\\Downloads\\eSchool-Saas-V1.8.2\\PHP_Code\\vendor\\laravel\\framework\\src\\Illuminate\\Pipeline\\Pipeline.php(119): Illuminate\\Pipeline\\Pipeline->Illuminate\\Pipeline\\{closure}(Object(Illuminate\\Http\\Request))
#41 C:\\Users\\satri\\Downloads\\eSchool-Saas-V1.8.2\\PHP_Code\\vendor\\laravel\\framework\\src\\Illuminate\\Foundation\\Http\\Kernel.php(175): Illuminate\\Pipeline\\Pipeline->then(Object(Closure))
#42 C:\\Users\\satri\\Downloads\\eSchool-Saas-V1.8.2\\PHP_Code\\vendor\\laravel\\framework\\src\\Illuminate\\Foundation\\Http\\Kernel.php(144): Illuminate\\Foundation\\Http\\Kernel->sendRequestThroughRouter(Object(Illuminate\\Http\\Request))
#43 C:\\Users\\satri\\Downloads\\eSchool-Saas-V1.8.2\\PHP_Code\\public\\index.php(51): Illuminate\\Foundation\\Http\\Kernel->handle(Object(Illuminate\\Http\\Request))
#44 C:\\Users\\satri\\Downloads\\eSchool-Saas-V1.8.2\\PHP_Code\\vendor\\laravel\\framework\\src\\Illuminate\\Foundation\\resources\\server.php(16): require_once('C:\\\\Users\\\\satri\\\\...')
#45 {main}
"} 
[2026-03-03 11:35:02] local.ERROR: Target class [App\Models\Student] does not exist. {"exception":"[object] (Illuminate\\Contracts\\Container\\BindingResolutionException(code: 0): Target class [App\\Models\\Student] does not exist. at C:\\Users\\satri\\Downloads\\eSchool-Saas-V1.8.2\\PHP_Code\\vendor\\laravel\\framework\\src\\Illuminate\\Container\\Container.php:914)
[stacktrace]
#0 C:\\Users\\satri\\Downloads\\eSchool-Saas-V1.8.2\\PHP_Code\\vendor\\laravel\\framework\\src\\Illuminate\\Container\\Container.php(795): Illuminate\\Container\\Container->build('App\\\\Models\\\\Stud...')
#1 C:\\Users\\satri\\Downloads\\eSchool-Saas-V1.8.2\\PHP_Code\\vendor\\laravel\\framework\\src\\Illuminate\\Foundation\\Application.php(963): Illuminate\\Container\\Container->resolve('App\\\\Models\\\\Stud...', Array, true)
#2 C:\\Users\\satri\\Downloads\\eSchool-Saas-V1.8.2\\PHP_Code\\vendor\\laravel\\framework\\src\\Illuminate\\Container\\Container.php(731): Illuminate\\Foundation\\Application->resolve('App\\\\Models\\\\Stud...', Array)
#3 C:\\Users\\satri\\Downloads\\eSchool-Saas-V1.8.2\\PHP_Code\\vendor\\laravel\\framework\\src\\Illuminate\\Foundation\\Application.php(948): Illuminate\\Container\\Container->make('App\\\\Models\\\\Stud...', Array)
#4 C:\\Users\\satri\\Downloads\\eSchool-Saas-V1.8.2\\PHP_Code\\vendor\\laravel\\framework\\src\\Illuminate\\Container\\Container.php(1066): Illuminate\\Foundation\\Application->make('App\\\\Models\\\\Stud...')
#5 C:\\Users\\satri\\Downloads\\eSchool-Saas-V1.8.2\\PHP_Code\\vendor\\laravel\\framework\\src\\Illuminate\\Container\\Container.php(982): Illuminate\\Container\\Container->resolveClass(Object(ReflectionParameter))
#6 C:\\Users\\satri\\Downloads\\eSchool-Saas-V1.8.2\\PHP_Code\\vendor\\laravel\\framework\\src\\Illuminate\\Container\\Container.php(943): Illuminate\\Container\\Container->resolveDependencies(Array)
#7 C:\\Users\\satri\\Downloads\\eSchool-Saas-V1.8.2\\PHP_Code\\vendor\\laravel\\framework\\src\\Illuminate\\Container\\Container.php(795): Illuminate\\Container\\Container->build('App\\\\Http\\\\Contro...')
#8 C:\\Users\\satri\\Downloads\\eSchool-Saas-V1.8.2\\PHP_Code\\vendor\\laravel\\framework\\src\\Illuminate\\Foundation\\Application.php(963): Illuminate\\Container\\Container->resolve('App\\\\Http\\\\Contro...', Array, true)
#9 C:\\Users\\satri\\Downloads\\eSchool-Saas-V1.8.2\\PHP_Code\\vendor\\laravel\\framework\\src\\Illuminate\\Container\\Container.php(731): Illuminate\\Foundation\\Application->resolve('App\\\\Http\\\\Contro...', Array)
#10 C:\\Users\\satri\\Downloads\\eSchool-Saas-V1.8.2\\PHP_Code\\vendor\\laravel\\framework\\src\\Illuminate\\Foundation\\Application.php(948): Illuminate\\Container\\Container->make('App\\\\Http\\\\Contro...', Array)
#11 C:\\Users\\satri\\Downloads\\eSchool-Saas-V1.8.2\\PHP_Code\\vendor\\laravel\\framework\\src\\Illuminate\\Routing\\Route.php(278): Illuminate\\Foundation\\Application->make('App\\\\Http\\\\Contro...')
#12 C:\\Users\\satri\\Downloads\\eSchool-Saas-V1.8.2\\PHP_Code\\vendor\\laravel\\framework\\src\\Illuminate\\Routing\\Route.php(1104): Illuminate\\Routing\\Route->getController()
#13 C:\\Users\\satri\\Downloads\\eSchool-Saas-V1.8.2\\PHP_Code\\vendor\\laravel\\framework\\src\\Illuminate\\Routing\\Route.php(1035): Illuminate\\Routing\\Route->controllerMiddleware()
#14 C:\\Users\\satri\\Downloads\\eSchool-Saas-V1.8.2\\PHP_Code\\vendor\\laravel\\framework\\src\\Illuminate\\Routing\\Router.php(818): Illuminate\\Routing\\Route->gatherMiddleware()
#15 C:\\Users\\satri\\Downloads\\eSchool-Saas-V1.8.2\\PHP_Code\\vendor\\laravel\\framework\\src\\Illuminate\\Routing\\Router.php(800): Illuminate\\Routing\\Router->gatherRouteMiddleware(Object(Illuminate\\Routing\\Route))
#16 C:\\Users\\satri\\Downloads\\eSchool-Saas-V1.8.2\\PHP_Code\\vendor\\laravel\\framework\\src\\Illuminate\\Routing\\Router.php(784): Illuminate\\Routing\\Router->runRouteWithinStack(Object(Illuminate\\Routing\\Route), Object(Illuminate\\Http\\Request))
#17 C:\\Users\\satri\\Downloads\\eSchool-Saas-V1.8.2\\PHP_Code\\vendor\\laravel\\framework\\src\\Illuminate\\Routing\\Router.php(748): Illuminate\\Routing\\Router->runRoute(Object(Illuminate\\Http\\Request), Object(Illuminate\\Routing\\Route))
#18 C:\\Users\\satri\\Downloads\\eSchool-Saas-V1.8.2\\PHP_Code\\vendor\\laravel\\framework\\src\\Illuminate\\Routing\\Router.php(737): Illuminate\\Routing\\Router->dispatchToRoute(Object(Illuminate\\Http\\Request))
#19 C:\\Users\\satri\\Downloads\\eSchool-Saas-V1.8.2\\PHP_Code\\vendor\\laravel\\framework\\src\\Illuminate\\Foundation\\Http\\Kernel.php(200): Illuminate\\Routing\\Router->dispatch(Object(Illuminate\\Http\\Request))
#20 C:\\Users\\satri\\Downloads\\eSchool-Saas-V1.8.2\\PHP_Code\\vendor\\laravel\\framework\\src\\Illuminate\\Pipeline\\Pipeline.php(144): Illuminate\\Foundation\\Http\\Kernel->Illuminate\\Foundation\\Http\\{closure}(Object(Illuminate\\Http\\Request))
#21 C:\\Users\\satri\\Downloads\\eSchool-Saas-V1.8.2\\PHP_Code\\vendor\\beyondcode\\laravel-query-detector\\src\\QueryDetectorMiddleware.php(33): Illuminate\\Pipeline\\Pipeline->Illuminate\\Pipeline\\{closure}(Object(Illuminate\\Http\\Request))
#22 C:\\Users\\satri\\Downloads\\eSchool-Saas-V1.8.2\\PHP_Code\\vendor\\laravel\\framework\\src\\Illuminate\\Pipeline\\Pipeline.php(183): BeyondCode\\QueryDetector\\QueryDetectorMiddleware->handle(Object(Illuminate\\Http\\Request), Object(Closure))
#23 C:\\Users\\satri\\Downloads\\eSchool-Saas-V1.8.2\\PHP_Code\\vendor\\barryvdh\\laravel-debugbar\\src\\Middleware\\InjectDebugbar.php(66): Illuminate\\Pipeline\\Pipeline->Illuminate\\Pipeline\\{closure}(Object(Illuminate\\Http\\Request))
#24 C:\\Users\\satri\\Downloads\\eSchool-Saas-V1.8.2\\PHP_Code\\vendor\\laravel\\framework\\src\\Illuminate\\Pipeline\\Pipeline.php(183): Barryvdh\\Debugbar\\Middleware\\InjectDebugbar->handle(Object(Illuminate\\Http\\Request), Object(Closure))
#25 C:\\Users\\satri\\Downloads\\eSchool-Saas-V1.8.2\\PHP_Code\\vendor\\laravel\\framework\\src\\Illuminate\\Foundation\\Http\\Middleware\\TransformsRequest.php(21): Illuminate\\Pipeline\\Pipeline->Illuminate\\Pipeline\\{closure}(Object(Illuminate\\Http\\Request))
#26 C:\\Users\\satri\\Downloads\\eSchool-Saas-V1.8.2\\PHP_Code\\vendor\\laravel\\framework\\src\\Illuminate\\Foundation\\Http\\Middleware\\ConvertEmptyStringsToNull.php(31): Illuminate\\Foundation\\Http\\Middleware\\TransformsRequest->handle(Object(Illuminate\\Http\\Request), Object(Closure))
#27 C:\\Users\\satri\\Downloads\\eSchool-Saas-V1.8.2\\PHP_Code\\vendor\\laravel\\framework\\src\\Illuminate\\Pipeline\\Pipeline.php(183): Illuminate\\Foundation\\Http\\Middleware\\ConvertEmptyStringsToNull->handle(Object(Illuminate\\Http\\Request), Object(Closure))
#28 C:\\Users\\satri\\Downloads\\eSchool-Saas-V1.8.2\\PHP_Code\\vendor\\laravel\\framework\\src\\Illuminate\\Foundation\\Http\\Middleware\\TransformsRequest.php(21): Illuminate\\Pipeline\\Pipeline->Illuminate\\Pipeline\\{closure}(Object(Illuminate\\Http\\Request))
#29 C:\\Users\\satri\\Downloads\\eSchool-Saas-V1.8.2\\PHP_Code\\vendor\\laravel\\framework\\src\\Illuminate\\Foundation\\Http\\Middleware\\TrimStrings.php(40): Illuminate\\Foundation\\Http\\Middleware\\TransformsRequest->handle(Object(Illuminate\\Http\\Request), Object(Closure))
#30 C:\\Users\\satri\\Downloads\\eSchool-Saas-V1.8.2\\PHP_Code\\vendor\\laravel\\framework\\src\\Illuminate\\Pipeline\\Pipeline.php(183): Illuminate\\Foundation\\Http\\Middleware\\TrimStrings->handle(Object(Illuminate\\Http\\Request), Object(Closure))
#31 C:\\Users\\satri\\Downloads\\eSchool-Saas-V1.8.2\\PHP_Code\\vendor\\laravel\\framework\\src\\Illuminate\\Foundation\\Http\\Middleware\\ValidatePostSize.php(27): Illuminate\\Pipeline\\Pipeline->Illuminate\\Pipeline\\{closure}(Object(Illuminate\\Http\\Request))
#32 C:\\Users\\satri\\Downloads\\eSchool-Saas-V1.8.2\\PHP_Code\\vendor\\laravel\\framework\\src\\Illuminate\\Pipeline\\Pipeline.php(183): Illuminate\\Foundation\\Http\\Middleware\\ValidatePostSize->handle(Object(Illuminate\\Http\\Request), Object(Closure))
#33 C:\\Users\\satri\\Downloads\\eSchool-Saas-V1.8.2\\PHP_Code\\vendor\\laravel\\framework\\src\\Illuminate\\Foundation\\Http\\Middleware\\PreventRequestsDuringMaintenance.php(99): Illuminate\\Pipeline\\Pipeline->Illuminate\\Pipeline\\{closure}(Object(Illuminate\\Http\\Request))
#34 C:\\Users\\satri\\Downloads\\eSchool-Saas-V1.8.2\\PHP_Code\\vendor\\laravel\\framework\\src\\Illuminate\\Pipeline\\Pipeline.php(183): Illuminate\\Foundation\\Http\\Middleware\\PreventRequestsDuringMaintenance->handle(Object(Illuminate\\Http\\Request), Object(Closure))
#35 C:\\Users\\satri\\Downloads\\eSchool-Saas-V1.8.2\\PHP_Code\\vendor\\laravel\\framework\\src\\Illuminate\\Http\\Middleware\\HandleCors.php(62): Illuminate\\Pipeline\\Pipeline->Illuminate\\Pipeline\\{closure}(Object(Illuminate\\Http\\Request))
#36 C:\\Users\\satri\\Downloads\\eSchool-Saas-V1.8.2\\PHP_Code\\vendor\\laravel\\framework\\src\\Illuminate\\Pipeline\\Pipeline.php(183): Illuminate\\Http\\Middleware\\HandleCors->handle(Object(Illuminate\\Http\\Request), Object(Closure))
#37 C:\\Users\\satri\\Downloads\\eSchool-Saas-V1.8.2\\PHP_Code\\vendor\\laravel\\framework\\src\\Illuminate\\Http\\Middleware\\TrustProxies.php(39): Illuminate\\Pipeline\\Pipeline->Illuminate\\Pipeline\\{closure}(Object(Illuminate\\Http\\Request))
#38 C:\\Users\\satri\\Downloads\\eSchool-Saas-V1.8.2\\PHP_Code\\vendor\\laravel\\framework\\src\\Illuminate\\Pipeline\\Pipeline.php(183): Illuminate\\Http\\Middleware\\TrustProxies->handle(Object(Illuminate\\Http\\Request), Object(Closure))
#39 C:\\Users\\satri\\Downloads\\eSchool-Saas-V1.8.2\\PHP_Code\\vendor\\laravel\\framework\\src\\Illuminate\\Pipeline\\Pipeline.php(119): Illuminate\\Pipeline\\Pipeline->Illuminate\\Pipeline\\{closure}(Object(Illuminate\\Http\\Request))
#40 C:\\Users\\satri\\Downloads\\eSchool-Saas-V1.8.2\\PHP_Code\\vendor\\laravel\\framework\\src\\Illuminate\\Foundation\\Http\\Kernel.php(175): Illuminate\\Pipeline\\Pipeline->then(Object(Closure))
#41 C:\\Users\\satri\\Downloads\\eSchool-Saas-V1.8.2\\PHP_Code\\vendor\\laravel\\framework\\src\\Illuminate\\Foundation\\Http\\Kernel.php(144): Illuminate\\Foundation\\Http\\Kernel->sendRequestThroughRouter(Object(Illuminate\\Http\\Request))
#42 C:\\Users\\satri\\Downloads\\eSchool-Saas-V1.8.2\\PHP_Code\\public\\index.php(51): Illuminate\\Foundation\\Http\\Kernel->handle(Object(Illuminate\\Http\\Request))
#43 C:\\Users\\satri\\Downloads\\eSchool-Saas-V1.8.2\\PHP_Code\\vendor\\laravel\\framework\\src\\Illuminate\\Foundation\\resources\\server.php(16): require_once('C:\\\\Users\\\\satri\\\\...')
#44 {main}

[previous exception] [object] (ReflectionException(code: -1): Class \"App\\Models\\Student\" does not exist at C:\\Users\\satri\\Downloads\\eSchool-Saas-V1.8.2\\PHP_Code\\vendor\\laravel\\framework\\src\\Illuminate\\Container\\Container.php:912)
[stacktrace]
#0 C:\\Users\\satri\\Downloads\\eSchool-Saas-V1.8.2\\PHP_Code\\vendor\\laravel\\framework\\src\\Illuminate\\Container\\Container.php(912): ReflectionClass->__construct('App\\\\Models\\\\Stud...')
#1 C:\\Users\\satri\\Downloads\\eSchool-Saas-V1.8.2\\PHP_Code\\vendor\\laravel\\framework\\src\\Illuminate\\Container\\Container.php(795): Illuminate\\Container\\Container->build('App\\\\Models\\\\Stud...')
#2 C:\\Users\\satri\\Downloads\\eSchool-Saas-V1.8.2\\PHP_Code\\vendor\\laravel\\framework\\src\\Illuminate\\Foundation\\Application.php(963): Illuminate\\Container\\Container->resolve('App\\\\Models\\\\Stud...', Array, true)
#3 C:\\Users\\satri\\Downloads\\eSchool-Saas-V1.8.2\\PHP_Code\\vendor\\laravel\\framework\\src\\Illuminate\\Container\\Container.php(731): Illuminate\\Foundation\\Application->resolve('App\\\\Models\\\\Stud...', Array)
#4 C:\\Users\\satri\\Downloads\\eSchool-Saas-V1.8.2\\PHP_Code\\vendor\\laravel\\framework\\src\\Illuminate\\Foundation\\Application.php(948): Illuminate\\Container\\Container->make('App\\\\Models\\\\Stud...', Array)
#5 C:\\Users\\satri\\Downloads\\eSchool-Saas-V1.8.2\\PHP_Code\\vendor\\laravel\\framework\\src\\Illuminate\\Container\\Container.php(1066): Illuminate\\Foundation\\Application->make('App\\\\Models\\\\Stud...')
#6 C:\\Users\\satri\\Downloads\\eSchool-Saas-V1.8.2\\PHP_Code\\vendor\\laravel\\framework\\src\\Illuminate\\Container\\Container.php(982): Illuminate\\Container\\Container->resolveClass(Object(ReflectionParameter))
#7 C:\\Users\\satri\\Downloads\\eSchool-Saas-V1.8.2\\PHP_Code\\vendor\\laravel\\framework\\src\\Illuminate\\Container\\Container.php(943): Illuminate\\Container\\Container->resolveDependencies(Array)
#8 C:\\Users\\satri\\Downloads\\eSchool-Saas-V1.8.2\\PHP_Code\\vendor\\laravel\\framework\\src\\Illuminate\\Container\\Container.php(795): Illuminate\\Container\\Container->build('App\\\\Http\\\\Contro...')
#9 C:\\Users\\satri\\Downloads\\eSchool-Saas-V1.8.2\\PHP_Code\\vendor\\laravel\\framework\\src\\Illuminate\\Foundation\\Application.php(963): Illuminate\\Container\\Container->resolve('App\\\\Http\\\\Contro...', Array, true)
#10 C:\\Users\\satri\\Downloads\\eSchool-Saas-V1.8.2\\PHP_Code\\vendor\\laravel\\framework\\src\\Illuminate\\Container\\Container.php(731): Illuminate\\Foundation\\Application->resolve('App\\\\Http\\\\Contro...', Array)
#11 C:\\Users\\satri\\Downloads\\eSchool-Saas-V1.8.2\\PHP_Code\\vendor\\laravel\\framework\\src\\Illuminate\\Foundation\\Application.php(948): Illuminate\\Container\\Container->make('App\\\\Http\\\\Contro...', Array)
#12 C:\\Users\\satri\\Downloads\\eSchool-Saas-V1.8.2\\PHP_Code\\vendor\\laravel\\framework\\src\\Illuminate\\Routing\\Route.php(278): Illuminate\\Foundation\\Application->make('App\\\\Http\\\\Contro...')
#13 C:\\Users\\satri\\Downloads\\eSchool-Saas-V1.8.2\\PHP_Code\\vendor\\laravel\\framework\\src\\Illuminate\\Routing\\Route.php(1104): Illuminate\\Routing\\Route->getController()
#14 C:\\Users\\satri\\Downloads\\eSchool-Saas-V1.8.2\\PHP_Code\\vendor\\laravel\\framework\\src\\Illuminate\\Routing\\Route.php(1035): Illuminate\\Routing\\Route->controllerMiddleware()
#15 C:\\Users\\satri\\Downloads\\eSchool-Saas-V1.8.2\\PHP_Code\\vendor\\laravel\\framework\\src\\Illuminate\\Routing\\Router.php(818): Illuminate\\Routing\\Route->gatherMiddleware()
#16 C:\\Users\\satri\\Downloads\\eSchool-Saas-V1.8.2\\PHP_Code\\vendor\\laravel\\framework\\src\\Illuminate\\Routing\\Router.php(800): Illuminate\\Routing\\Router->gatherRouteMiddleware(Object(Illuminate\\Routing\\Route))
#17 C:\\Users\\satri\\Downloads\\eSchool-Saas-V1.8.2\\PHP_Code\\vendor\\laravel\\framework\\src\\Illuminate\\Routing\\Router.php(784): Illuminate\\Routing\\Router->runRouteWithinStack(Object(Illuminate\\Routing\\Route), Object(Illuminate\\Http\\Request))
#18 C:\\Users\\satri\\Downloads\\eSchool-Saas-V1.8.2\\PHP_Code\\vendor\\laravel\\framework\\src\\Illuminate\\Routing\\Router.php(748): Illuminate\\Routing\\Router->runRoute(Object(Illuminate\\Http\\Request), Object(Illuminate\\Routing\\Route))
#19 C:\\Users\\satri\\Downloads\\eSchool-Saas-V1.8.2\\PHP_Code\\vendor\\laravel\\framework\\src\\Illuminate\\Routing\\Router.php(737): Illuminate\\Routing\\Router->dispatchToRoute(Object(Illuminate\\Http\\Request))
#20 C:\\Users\\satri\\Downloads\\eSchool-Saas-V1.8.2\\PHP_Code\\vendor\\laravel\\framework\\src\\Illuminate\\Foundation\\Http\\Kernel.php(200): Illuminate\\Routing\\Router->dispatch(Object(Illuminate\\Http\\Request))
#21 C:\\Users\\satri\\Downloads\\eSchool-Saas-V1.8.2\\PHP_Code\\vendor\\laravel\\framework\\src\\Illuminate\\Pipeline\\Pipeline.php(144): Illuminate\\Foundation\\Http\\Kernel->Illuminate\\Foundation\\Http\\{closure}(Object(Illuminate\\Http\\Request))
#22 C:\\Users\\satri\\Downloads\\eSchool-Saas-V1.8.2\\PHP_Code\\vendor\\beyondcode\\laravel-query-detector\\src\\QueryDetectorMiddleware.php(33): Illuminate\\Pipeline\\Pipeline->Illuminate\\Pipeline\\{closure}(Object(Illuminate\\Http\\Request))
#23 C:\\Users\\satri\\Downloads\\eSchool-Saas-V1.8.2\\PHP_Code\\vendor\\laravel\\framework\\src\\Illuminate\\Pipeline\\Pipeline.php(183): BeyondCode\\QueryDetector\\QueryDetectorMiddleware->handle(Object(Illuminate\\Http\\Request), Object(Closure))
#24 C:\\Users\\satri\\Downloads\\eSchool-Saas-V1.8.2\\PHP_Code\\vendor\\barryvdh\\laravel-debugbar\\src\\Middleware\\InjectDebugbar.php(66): Illuminate\\Pipeline\\Pipeline->Illuminate\\Pipeline\\{closure}(Object(Illuminate\\Http\\Request))
#25 C:\\Users\\satri\\Downloads\\eSchool-Saas-V1.8.2\\PHP_Code\\vendor\\laravel\\framework\\src\\Illuminate\\Pipeline\\Pipeline.php(183): Barryvdh\\Debugbar\\Middleware\\InjectDebugbar->handle(Object(Illuminate\\Http\\Request), Object(Closure))
#26 C:\\Users\\satri\\Downloads\\eSchool-Saas-V1.8.2\\PHP_Code\\vendor\\laravel\\framework\\src\\Illuminate\\Foundation\\Http\\Middleware\\TransformsRequest.php(21): Illuminate\\Pipeline\\Pipeline->Illuminate\\Pipeline\\{closure}(Object(Illuminate\\Http\\Request))
#27 C:\\Users\\satri\\Downloads\\eSchool-Saas-V1.8.2\\PHP_Code\\vendor\\laravel\\framework\\src\\Illuminate\\Foundation\\Http\\Middleware\\ConvertEmptyStringsToNull.php(31): Illuminate\\Foundation\\Http\\Middleware\\TransformsRequest->handle(Object(Illuminate\\Http\\Request), Object(Closure))
#28 C:\\Users\\satri\\Downloads\\eSchool-Saas-V1.8.2\\PHP_Code\\vendor\\laravel\\framework\\src\\Illuminate\\Pipeline\\Pipeline.php(183): Illuminate\\Foundation\\Http\\Middleware\\ConvertEmptyStringsToNull->handle(Object(Illuminate\\Http\\Request), Object(Closure))
#29 C:\\Users\\satri\\Downloads\\eSchool-Saas-V1.8.2\\PHP_Code\\vendor\\laravel\\framework\\src\\Illuminate\\Foundation\\Http\\Middleware\\TransformsRequest.php(21): Illuminate\\Pipeline\\Pipeline->Illuminate\\Pipeline\\{closure}(Object(Illuminate\\Http\\Request))
#30 C:\\Users\\satri\\Downloads\\eSchool-Saas-V1.8.2\\PHP_Code\\vendor\\laravel\\framework\\src\\Illuminate\\Foundation\\Http\\Middleware\\TrimStrings.php(40): Illuminate\\Foundation\\Http\\Middleware\\TransformsRequest->handle(Object(Illuminate\\Http\\Request), Object(Closure))
#31 C:\\Users\\satri\\Downloads\\eSchool-Saas-V1.8.2\\PHP_Code\\vendor\\laravel\\framework\\src\\Illuminate\\Pipeline\\Pipeline.php(183): Illuminate\\Foundation\\Http\\Middleware\\TrimStrings->handle(Object(Illuminate\\Http\\Request), Object(Closure))
#32 C:\\Users\\satri\\Downloads\\eSchool-Saas-V1.8.2\\PHP_Code\\vendor\\laravel\\framework\\src\\Illuminate\\Foundation\\Http\\Middleware\\ValidatePostSize.php(27): Illuminate\\Pipeline\\Pipeline->Illuminate\\Pipeline\\{closure}(Object(Illuminate\\Http\\Request))
#33 C:\\Users\\satri\\Downloads\\eSchool-Saas-V1.8.2\\PHP_Code\\vendor\\laravel\\framework\\src\\Illuminate\\Pipeline\\Pipeline.php(183): Illuminate\\Foundation\\Http\\Middleware\\ValidatePostSize->handle(Object(Illuminate\\Http\\Request), Object(Closure))
#34 C:\\Users\\satri\\Downloads\\eSchool-Saas-V1.8.2\\PHP_Code\\vendor\\laravel\\framework\\src\\Illuminate\\Foundation\\Http\\Middleware\\PreventRequestsDuringMaintenance.php(99): Illuminate\\Pipeline\\Pipeline->Illuminate\\Pipeline\\{closure}(Object(Illuminate\\Http\\Request))
#35 C:\\Users\\satri\\Downloads\\eSchool-Saas-V1.8.2\\PHP_Code\\vendor\\laravel\\framework\\src\\Illuminate\\Pipeline\\Pipeline.php(183): Illuminate\\Foundation\\Http\\Middleware\\PreventRequestsDuringMaintenance->handle(Object(Illuminate\\Http\\Request), Object(Closure))
#36 C:\\Users\\satri\\Downloads\\eSchool-Saas-V1.8.2\\PHP_Code\\vendor\\laravel\\framework\\src\\Illuminate\\Http\\Middleware\\HandleCors.php(62): Illuminate\\Pipeline\\Pipeline->Illuminate\\Pipeline\\{closure}(Object(Illuminate\\Http\\Request))
#37 C:\\Users\\satri\\Downloads\\eSchool-Saas-V1.8.2\\PHP_Code\\vendor\\laravel\\framework\\src\\Illuminate\\Pipeline\\Pipeline.php(183): Illuminate\\Http\\Middleware\\HandleCors->handle(Object(Illuminate\\Http\\Request), Object(Closure))
#38 C:\\Users\\satri\\Downloads\\eSchool-Saas-V1.8.2\\PHP_Code\\vendor\\laravel\\framework\\src\\Illuminate\\Http\\Middleware\\TrustProxies.php(39): Illuminate\\Pipeline\\Pipeline->Illuminate\\Pipeline\\{closure}(Object(Illuminate\\Http\\Request))
#39 C:\\Users\\satri\\Downloads\\eSchool-Saas-V1.8.2\\PHP_Code\\vendor\\laravel\\framework\\src\\Illuminate\\Pipeline\\Pipeline.php(183): Illuminate\\Http\\Middleware\\TrustProxies->handle(Object(Illuminate\\Http\\Request), Object(Closure))
#40 C:\\Users\\satri\\Downloads\\eSchool-Saas-V1.8.2\\PHP_Code\\vendor\\laravel\\framework\\src\\Illuminate\\Pipeline\\Pipeline.php(119): Illuminate\\Pipeline\\Pipeline->Illuminate\\Pipeline\\{closure}(Object(Illuminate\\Http\\Request))
#41 C:\\Users\\satri\\Downloads\\eSchool-Saas-V1.8.2\\PHP_Code\\vendor\\laravel\\framework\\src\\Illuminate\\Foundation\\Http\\Kernel.php(175): Illuminate\\Pipeline\\Pipeline->then(Object(Closure))
#42 C:\\Users\\satri\\Downloads\\eSchool-Saas-V1.8.2\\PHP_Code\\vendor\\laravel\\framework\\src\\Illuminate\\Foundation\\Http\\Kernel.php(144): Illuminate\\Foundation\\Http\\Kernel->sendRequestThroughRouter(Object(Illuminate\\Http\\Request))
#43 C:\\Users\\satri\\Downloads\\eSchool-Saas-V1.8.2\\PHP_Code\\public\\index.php(51): Illuminate\\Foundation\\Http\\Kernel->handle(Object(Illuminate\\Http\\Request))
#44 C:\\Users\\satri\\Downloads\\eSchool-Saas-V1.8.2\\PHP_Code\\vendor\\laravel\\framework\\src\\Illuminate\\Foundation\\resources\\server.php(16): require_once('C:\\\\Users\\\\satri\\\\...')
#45 {main}
"} 
[2026-03-03 11:35:20] local.ERROR: Target class [App\Models\Student] does not exist. {"exception":"[object] (Illuminate\\Contracts\\Container\\BindingResolutionException(code: 0): Target class [App\\Models\\Student] does not exist. at C:\\Users\\satri\\Downloads\\eSchool-Saas-V1.8.2\\PHP_Code\\vendor\\laravel\\framework\\src\\Illuminate\\Container\\Container.php:914)
[stacktrace]
#0 C:\\Users\\satri\\Downloads\\eSchool-Saas-V1.8.2\\PHP_Code\\vendor\\laravel\\framework\\src\\Illuminate\\Container\\Container.php(795): Illuminate\\Container\\Container->build('App\\\\Models\\\\Stud...')
#1 C:\\Users\\satri\\Downloads\\eSchool-Saas-V1.8.2\\PHP_Code\\vendor\\laravel\\framework\\src\\Illuminate\\Foundation\\Application.php(963): Illuminate\\Container\\Container->resolve('App\\\\Models\\\\Stud...', Array, true)
#2 C:\\Users\\satri\\Downloads\\eSchool-Saas-V1.8.2\\PHP_Code\\vendor\\laravel\\framework\\src\\Illuminate\\Container\\Container.php(731): Illuminate\\Foundation\\Application->resolve('App\\\\Models\\\\Stud...', Array)
#3 C:\\Users\\satri\\Downloads\\eSchool-Saas-V1.8.2\\PHP_Code\\vendor\\laravel\\framework\\src\\Illuminate\\Foundation\\Application.php(948): Illuminate\\Container\\Container->make('App\\\\Models\\\\Stud...', Array)
#4 C:\\Users\\satri\\Downloads\\eSchool-Saas-V1.8.2\\PHP_Code\\vendor\\laravel\\framework\\src\\Illuminate\\Container\\Container.php(1066): Illuminate\\Foundation\\Application->make('App\\\\Models\\\\Stud...')
#5 C:\\Users\\satri\\Downloads\\eSchool-Saas-V1.8.2\\PHP_Code\\vendor\\laravel\\framework\\src\\Illuminate\\Container\\Container.php(982): Illuminate\\Container\\Container->resolveClass(Object(ReflectionParameter))
#6 C:\\Users\\satri\\Downloads\\eSchool-Saas-V1.8.2\\PHP_Code\\vendor\\laravel\\framework\\src\\Illuminate\\Container\\Container.php(943): Illuminate\\Container\\Container->resolveDependencies(Array)
#7 C:\\Users\\satri\\Downloads\\eSchool-Saas-V1.8.2\\PHP_Code\\vendor\\laravel\\framework\\src\\Illuminate\\Container\\Container.php(795): Illuminate\\Container\\Container->build('App\\\\Http\\\\Contro...')
#8 C:\\Users\\satri\\Downloads\\eSchool-Saas-V1.8.2\\PHP_Code\\vendor\\laravel\\framework\\src\\Illuminate\\Foundation\\Application.php(963): Illuminate\\Container\\Container->resolve('App\\\\Http\\\\Contro...', Array, true)
#9 C:\\Users\\satri\\Downloads\\eSchool-Saas-V1.8.2\\PHP_Code\\vendor\\laravel\\framework\\src\\Illuminate\\Container\\Container.php(731): Illuminate\\Foundation\\Application->resolve('App\\\\Http\\\\Contro...', Array)
#10 C:\\Users\\satri\\Downloads\\eSchool-Saas-V1.8.2\\PHP_Code\\vendor\\laravel\\framework\\src\\Illuminate\\Foundation\\Application.php(948): Illuminate\\Container\\Container->make('App\\\\Http\\\\Contro...', Array)
#11 C:\\Users\\satri\\Downloads\\eSchool-Saas-V1.8.2\\PHP_Code\\vendor\\laravel\\framework\\src\\Illuminate\\Routing\\Route.php(278): Illuminate\\Foundation\\Application->make('App\\\\Http\\\\Contro...')
#12 C:\\Users\\satri\\Downloads\\eSchool-Saas-V1.8.2\\PHP_Code\\vendor\\laravel\\framework\\src\\Illuminate\\Routing\\Route.php(1104): Illuminate\\Routing\\Route->getController()
#13 C:\\Users\\satri\\Downloads\\eSchool-Saas-V1.8.2\\PHP_Code\\vendor\\laravel\\framework\\src\\Illuminate\\Routing\\Route.php(1035): Illuminate\\Routing\\Route->controllerMiddleware()
#14 C:\\Users\\satri\\Downloads\\eSchool-Saas-V1.8.2\\PHP_Code\\vendor\\laravel\\framework\\src\\Illuminate\\Routing\\Router.php(818): Illuminate\\Routing\\Route->gatherMiddleware()
#15 C:\\Users\\satri\\Downloads\\eSchool-Saas-V1.8.2\\PHP_Code\\vendor\\laravel\\framework\\src\\Illuminate\\Routing\\Router.php(800): Illuminate\\Routing\\Router->gatherRouteMiddleware(Object(Illuminate\\Routing\\Route))
#16 C:\\Users\\satri\\Downloads\\eSchool-Saas-V1.8.2\\PHP_Code\\vendor\\laravel\\framework\\src\\Illuminate\\Routing\\Router.php(784): Illuminate\\Routing\\Router->runRouteWithinStack(Object(Illuminate\\Routing\\Route), Object(Illuminate\\Http\\Request))
#17 C:\\Users\\satri\\Downloads\\eSchool-Saas-V1.8.2\\PHP_Code\\vendor\\laravel\\framework\\src\\Illuminate\\Routing\\Router.php(748): Illuminate\\Routing\\Router->runRoute(Object(Illuminate\\Http\\Request), Object(Illuminate\\Routing\\Route))
#18 C:\\Users\\satri\\Downloads\\eSchool-Saas-V1.8.2\\PHP_Code\\vendor\\laravel\\framework\\src\\Illuminate\\Routing\\Router.php(737): Illuminate\\Routing\\Router->dispatchToRoute(Object(Illuminate\\Http\\Request))
#19 C:\\Users\\satri\\Downloads\\eSchool-Saas-V1.8.2\\PHP_Code\\vendor\\laravel\\framework\\src\\Illuminate\\Foundation\\Http\\Kernel.php(200): Illuminate\\Routing\\Router->dispatch(Object(Illuminate\\Http\\Request))
#20 C:\\Users\\satri\\Downloads\\eSchool-Saas-V1.8.2\\PHP_Code\\vendor\\laravel\\framework\\src\\Illuminate\\Pipeline\\Pipeline.php(144): Illuminate\\Foundation\\Http\\Kernel->Illuminate\\Foundation\\Http\\{closure}(Object(Illuminate\\Http\\Request))
#21 C:\\Users\\satri\\Downloads\\eSchool-Saas-V1.8.2\\PHP_Code\\vendor\\beyondcode\\laravel-query-detector\\src\\QueryDetectorMiddleware.php(33): Illuminate\\Pipeline\\Pipeline->Illuminate\\Pipeline\\{closure}(Object(Illuminate\\Http\\Request))
#22 C:\\Users\\satri\\Downloads\\eSchool-Saas-V1.8.2\\PHP_Code\\vendor\\laravel\\framework\\src\\Illuminate\\Pipeline\\Pipeline.php(183): BeyondCode\\QueryDetector\\QueryDetectorMiddleware->handle(Object(Illuminate\\Http\\Request), Object(Closure))
#23 C:\\Users\\satri\\Downloads\\eSchool-Saas-V1.8.2\\PHP_Code\\vendor\\barryvdh\\laravel-debugbar\\src\\Middleware\\InjectDebugbar.php(66): Illuminate\\Pipeline\\Pipeline->Illuminate\\Pipeline\\{closure}(Object(Illuminate\\Http\\Request))
#24 C:\\Users\\satri\\Downloads\\eSchool-Saas-V1.8.2\\PHP_Code\\vendor\\laravel\\framework\\src\\Illuminate\\Pipeline\\Pipeline.php(183): Barryvdh\\Debugbar\\Middleware\\InjectDebugbar->handle(Object(Illuminate\\Http\\Request), Object(Closure))
#25 C:\\Users\\satri\\Downloads\\eSchool-Saas-V1.8.2\\PHP_Code\\vendor\\laravel\\framework\\src\\Illuminate\\Foundation\\Http\\Middleware\\TransformsRequest.php(21): Illuminate\\Pipeline\\Pipeline->Illuminate\\Pipeline\\{closure}(Object(Illuminate\\Http\\Request))
#26 C:\\Users\\satri\\Downloads\\eSchool-Saas-V1.8.2\\PHP_Code\\vendor\\laravel\\framework\\src\\Illuminate\\Foundation\\Http\\Middleware\\ConvertEmptyStringsToNull.php(31): Illuminate\\Foundation\\Http\\Middleware\\TransformsRequest->handle(Object(Illuminate\\Http\\Request), Object(Closure))
#27 C:\\Users\\satri\\Downloads\\eSchool-Saas-V1.8.2\\PHP_Code\\vendor\\laravel\\framework\\src\\Illuminate\\Pipeline\\Pipeline.php(183): Illuminate\\Foundation\\Http\\Middleware\\ConvertEmptyStringsToNull->handle(Object(Illuminate\\Http\\Request), Object(Closure))
#28 C:\\Users\\satri\\Downloads\\eSchool-Saas-V1.8.2\\PHP_Code\\vendor\\laravel\\framework\\src\\Illuminate\\Foundation\\Http\\Middleware\\TransformsRequest.php(21): Illuminate\\Pipeline\\Pipeline->Illuminate\\Pipeline\\{closure}(Object(Illuminate\\Http\\Request))
#29 C:\\Users\\satri\\Downloads\\eSchool-Saas-V1.8.2\\PHP_Code\\vendor\\laravel\\framework\\src\\Illuminate\\Foundation\\Http\\Middleware\\TrimStrings.php(40): Illuminate\\Foundation\\Http\\Middleware\\TransformsRequest->handle(Object(Illuminate\\Http\\Request), Object(Closure))
#30 C:\\Users\\satri\\Downloads\\eSchool-Saas-V1.8.2\\PHP_Code\\vendor\\laravel\\framework\\src\\Illuminate\\Pipeline\\Pipeline.php(183): Illuminate\\Foundation\\Http\\Middleware\\TrimStrings->handle(Object(Illuminate\\Http\\Request), Object(Closure))
#31 C:\\Users\\satri\\Downloads\\eSchool-Saas-V1.8.2\\PHP_Code\\vendor\\laravel\\framework\\src\\Illuminate\\Foundation\\Http\\Middleware\\ValidatePostSize.php(27): Illuminate\\Pipeline\\Pipeline->Illuminate\\Pipeline\\{closure}(Object(Illuminate\\Http\\Request))
#32 C:\\Users\\satri\\Downloads\\eSchool-Saas-V1.8.2\\PHP_Code\\vendor\\laravel\\framework\\src\\Illuminate\\Pipeline\\Pipeline.php(183): Illuminate\\Foundation\\Http\\Middleware\\ValidatePostSize->handle(Object(Illuminate\\Http\\Request), Object(Closure))
#33 C:\\Users\\satri\\Downloads\\eSchool-Saas-V1.8.2\\PHP_Code\\vendor\\laravel\\framework\\src\\Illuminate\\Foundation\\Http\\Middleware\\PreventRequestsDuringMaintenance.php(99): Illuminate\\Pipeline\\Pipeline->Illuminate\\Pipeline\\{closure}(Object(Illuminate\\Http\\Request))
#34 C:\\Users\\satri\\Downloads\\eSchool-Saas-V1.8.2\\PHP_Code\\vendor\\laravel\\framework\\src\\Illuminate\\Pipeline\\Pipeline.php(183): Illuminate\\Foundation\\Http\\Middleware\\PreventRequestsDuringMaintenance->handle(Object(Illuminate\\Http\\Request), Object(Closure))
#35 C:\\Users\\satri\\Downloads\\eSchool-Saas-V1.8.2\\PHP_Code\\vendor\\laravel\\framework\\src\\Illuminate\\Http\\Middleware\\HandleCors.php(62): Illuminate\\Pipeline\\Pipeline->Illuminate\\Pipeline\\{closure}(Object(Illuminate\\Http\\Request))
#36 C:\\Users\\satri\\Downloads\\eSchool-Saas-V1.8.2\\PHP_Code\\vendor\\laravel\\framework\\src\\Illuminate\\Pipeline\\Pipeline.php(183): Illuminate\\Http\\Middleware\\HandleCors->handle(Object(Illuminate\\Http\\Request), Object(Closure))
#37 C:\\Users\\satri\\Downloads\\eSchool-Saas-V1.8.2\\PHP_Code\\vendor\\laravel\\framework\\src\\Illuminate\\Http\\Middleware\\TrustProxies.php(39): Illuminate\\Pipeline\\Pipeline->Illuminate\\Pipeline\\{closure}(Object(Illuminate\\Http\\Request))
#38 C:\\Users\\satri\\Downloads\\eSchool-Saas-V1.8.2\\PHP_Code\\vendor\\laravel\\framework\\src\\Illuminate\\Pipeline\\Pipeline.php(183): Illuminate\\Http\\Middleware\\TrustProxies->handle(Object(Illuminate\\Http\\Request), Object(Closure))
#39 C:\\Users\\satri\\Downloads\\eSchool-Saas-V1.8.2\\PHP_Code\\vendor\\laravel\\framework\\src\\Illuminate\\Pipeline\\Pipeline.php(119): Illuminate\\Pipeline\\Pipeline->Illuminate\\Pipeline\\{closure}(Object(Illuminate\\Http\\Request))
#40 C:\\Users\\satri\\Downloads\\eSchool-Saas-V1.8.2\\PHP_Code\\vendor\\laravel\\framework\\src\\Illuminate\\Foundation\\Http\\Kernel.php(175): Illuminate\\Pipeline\\Pipeline->then(Object(Closure))
#41 C:\\Users\\satri\\Downloads\\eSchool-Saas-V1.8.2\\PHP_Code\\vendor\\laravel\\framework\\src\\Illuminate\\Foundation\\Http\\Kernel.php(144): Illuminate\\Foundation\\Http\\Kernel->sendRequestThroughRouter(Object(Illuminate\\Http\\Request))
#42 C:\\Users\\satri\\Downloads\\eSchool-Saas-V1.8.2\\PHP_Code\\public\\index.php(51): Illuminate\\Foundation\\Http\\Kernel->handle(Object(Illuminate\\Http\\Request))
#43 C:\\Users\\satri\\Downloads\\eSchool-Saas-V1.8.2\\PHP_Code\\vendor\\laravel\\framework\\src\\Illuminate\\Foundation\\resources\\server.php(16): require_once('C:\\\\Users\\\\satri\\\\...')
#44 {main}

[previous exception] [object] (ReflectionException(code: -1): Class \"App\\Models\\Student\" does not exist at C:\\Users\\satri\\Downloads\\eSchool-Saas-V1.8.2\\PHP_Code\\vendor\\laravel\\framework\\src\\Illuminate\\Container\\Container.php:912)
[stacktrace]
#0 C:\\Users\\satri\\Downloads\\eSchool-Saas-V1.8.2\\PHP_Code\\vendor\\laravel\\framework\\src\\Illuminate\\Container\\Container.php(912): ReflectionClass->__construct('App\\\\Models\\\\Stud...')
#1 C:\\Users\\satri\\Downloads\\eSchool-Saas-V1.8.2\\PHP_Code\\vendor\\laravel\\framework\\src\\Illuminate\\Container\\Container.php(795): Illuminate\\Container\\Container->build('App\\\\Models\\\\Stud...')
#2 C:\\Users\\satri\\Downloads\\eSchool-Saas-V1.8.2\\PHP_Code\\vendor\\laravel\\framework\\src\\Illuminate\\Foundation\\Application.php(963): Illuminate\\Container\\Container->resolve('App\\\\Models\\\\Stud...', Array, true)
#3 C:\\Users\\satri\\Downloads\\eSchool-Saas-V1.8.2\\PHP_Code\\vendor\\laravel\\framework\\src\\Illuminate\\Container\\Container.php(731): Illuminate\\Foundation\\Application->resolve('App\\\\Models\\\\Stud...', Array)
#4 C:\\Users\\satri\\Downloads\\eSchool-Saas-V1.8.2\\PHP_Code\\vendor\\laravel\\framework\\src\\Illuminate\\Foundation\\Application.php(948): Illuminate\\Container\\Container->make('App\\\\Models\\\\Stud...', Array)
#5 C:\\Users\\satri\\Downloads\\eSchool-Saas-V1.8.2\\PHP_Code\\vendor\\laravel\\framework\\src\\Illuminate\\Container\\Container.php(1066): Illuminate\\Foundation\\Application->make('App\\\\Models\\\\Stud...')
#6 C:\\Users\\satri\\Downloads\\eSchool-Saas-V1.8.2\\PHP_Code\\vendor\\laravel\\framework\\src\\Illuminate\\Container\\Container.php(982): Illuminate\\Container\\Container->resolveClass(Object(ReflectionParameter))
#7 C:\\Users\\satri\\Downloads\\eSchool-Saas-V1.8.2\\PHP_Code\\vendor\\laravel\\framework\\src\\Illuminate\\Container\\Container.php(943): Illuminate\\Container\\Container->resolveDependencies(Array)
#8 C:\\Users\\satri\\Downloads\\eSchool-Saas-V1.8.2\\PHP_Code\\vendor\\laravel\\framework\\src\\Illuminate\\Container\\Container.php(795): Illuminate\\Container\\Container->build('App\\\\Http\\\\Contro...')
#9 C:\\Users\\satri\\Downloads\\eSchool-Saas-V1.8.2\\PHP_Code\\vendor\\laravel\\framework\\src\\Illuminate\\Foundation\\Application.php(963): Illuminate\\Container\\Container->resolve('App\\\\Http\\\\Contro...', Array, true)
#10 C:\\Users\\satri\\Downloads\\eSchool-Saas-V1.8.2\\PHP_Code\\vendor\\laravel\\framework\\src\\Illuminate\\Container\\Container.php(731): Illuminate\\Foundation\\Application->resolve('App\\\\Http\\\\Contro...', Array)
#11 C:\\Users\\satri\\Downloads\\eSchool-Saas-V1.8.2\\PHP_Code\\vendor\\laravel\\framework\\src\\Illuminate\\Foundation\\Application.php(948): Illuminate\\Container\\Container->make('App\\\\Http\\\\Contro...', Array)
#12 C:\\Users\\satri\\Downloads\\eSchool-Saas-V1.8.2\\PHP_Code\\vendor\\laravel\\framework\\src\\Illuminate\\Routing\\Route.php(278): Illuminate\\Foundation\\Application->make('App\\\\Http\\\\Contro...')
#13 C:\\Users\\satri\\Downloads\\eSchool-Saas-V1.8.2\\PHP_Code\\vendor\\laravel\\framework\\src\\Illuminate\\Routing\\Route.php(1104): Illuminate\\Routing\\Route->getController()
#14 C:\\Users\\satri\\Downloads\\eSchool-Saas-V1.8.2\\PHP_Code\\vendor\\laravel\\framework\\src\\Illuminate\\Routing\\Route.php(1035): Illuminate\\Routing\\Route->controllerMiddleware()
#15 C:\\Users\\satri\\Downloads\\eSchool-Saas-V1.8.2\\PHP_Code\\vendor\\laravel\\framework\\src\\Illuminate\\Routing\\Router.php(818): Illuminate\\Routing\\Route->gatherMiddleware()
#16 C:\\Users\\satri\\Downloads\\eSchool-Saas-V1.8.2\\PHP_Code\\vendor\\laravel\\framework\\src\\Illuminate\\Routing\\Router.php(800): Illuminate\\Routing\\Router->gatherRouteMiddleware(Object(Illuminate\\Routing\\Route))
#17 C:\\Users\\satri\\Downloads\\eSchool-Saas-V1.8.2\\PHP_Code\\vendor\\laravel\\framework\\src\\Illuminate\\Routing\\Router.php(784): Illuminate\\Routing\\Router->runRouteWithinStack(Object(Illuminate\\Routing\\Route), Object(Illuminate\\Http\\Request))
#18 C:\\Users\\satri\\Downloads\\eSchool-Saas-V1.8.2\\PHP_Code\\vendor\\laravel\\framework\\src\\Illuminate\\Routing\\Router.php(748): Illuminate\\Routing\\Router->runRoute(Object(Illuminate\\Http\\Request), Object(Illuminate\\Routing\\Route))
#19 C:\\Users\\satri\\Downloads\\eSchool-Saas-V1.8.2\\PHP_Code\\vendor\\laravel\\framework\\src\\Illuminate\\Routing\\Router.php(737): Illuminate\\Routing\\Router->dispatchToRoute(Object(Illuminate\\Http\\Request))
#20 C:\\Users\\satri\\Downloads\\eSchool-Saas-V1.8.2\\PHP_Code\\vendor\\laravel\\framework\\src\\Illuminate\\Foundation\\Http\\Kernel.php(200): Illuminate\\Routing\\Router->dispatch(Object(Illuminate\\Http\\Request))
#21 C:\\Users\\satri\\Downloads\\eSchool-Saas-V1.8.2\\PHP_Code\\vendor\\laravel\\framework\\src\\Illuminate\\Pipeline\\Pipeline.php(144): Illuminate\\Foundation\\Http\\Kernel->Illuminate\\Foundation\\Http\\{closure}(Object(Illuminate\\Http\\Request))
#22 C:\\Users\\satri\\Downloads\\eSchool-Saas-V1.8.2\\PHP_Code\\vendor\\beyondcode\\laravel-query-detector\\src\\QueryDetectorMiddleware.php(33): Illuminate\\Pipeline\\Pipeline->Illuminate\\Pipeline\\{closure}(Object(Illuminate\\Http\\Request))
#23 C:\\Users\\satri\\Downloads\\eSchool-Saas-V1.8.2\\PHP_Code\\vendor\\laravel\\framework\\src\\Illuminate\\Pipeline\\Pipeline.php(183): BeyondCode\\QueryDetector\\QueryDetectorMiddleware->handle(Object(Illuminate\\Http\\Request), Object(Closure))
#24 C:\\Users\\satri\\Downloads\\eSchool-Saas-V1.8.2\\PHP_Code\\vendor\\barryvdh\\laravel-debugbar\\src\\Middleware\\InjectDebugbar.php(66): Illuminate\\Pipeline\\Pipeline->Illuminate\\Pipeline\\{closure}(Object(Illuminate\\Http\\Request))
#25 C:\\Users\\satri\\Downloads\\eSchool-Saas-V1.8.2\\PHP_Code\\vendor\\laravel\\framework\\src\\Illuminate\\Pipeline\\Pipeline.php(183): Barryvdh\\Debugbar\\Middleware\\InjectDebugbar->handle(Object(Illuminate\\Http\\Request), Object(Closure))
#26 C:\\Users\\satri\\Downloads\\eSchool-Saas-V1.8.2\\PHP_Code\\vendor\\laravel\\framework\\src\\Illuminate\\Foundation\\Http\\Middleware\\TransformsRequest.php(21): Illuminate\\Pipeline\\Pipeline->Illuminate\\Pipeline\\{closure}(Object(Illuminate\\Http\\Request))
#27 C:\\Users\\satri\\Downloads\\eSchool-Saas-V1.8.2\\PHP_Code\\vendor\\laravel\\framework\\src\\Illuminate\\Foundation\\Http\\Middleware\\ConvertEmptyStringsToNull.php(31): Illuminate\\Foundation\\Http\\Middleware\\TransformsRequest->handle(Object(Illuminate\\Http\\Request), Object(Closure))
#28 C:\\Users\\satri\\Downloads\\eSchool-Saas-V1.8.2\\PHP_Code\\vendor\\laravel\\framework\\src\\Illuminate\\Pipeline\\Pipeline.php(183): Illuminate\\Foundation\\Http\\Middleware\\ConvertEmptyStringsToNull->handle(Object(Illuminate\\Http\\Request), Object(Closure))
#29 C:\\Users\\satri\\Downloads\\eSchool-Saas-V1.8.2\\PHP_Code\\vendor\\laravel\\framework\\src\\Illuminate\\Foundation\\Http\\Middleware\\TransformsRequest.php(21): Illuminate\\Pipeline\\Pipeline->Illuminate\\Pipeline\\{closure}(Object(Illuminate\\Http\\Request))
#30 C:\\Users\\satri\\Downloads\\eSchool-Saas-V1.8.2\\PHP_Code\\vendor\\laravel\\framework\\src\\Illuminate\\Foundation\\Http\\Middleware\\TrimStrings.php(40): Illuminate\\Foundation\\Http\\Middleware\\TransformsRequest->handle(Object(Illuminate\\Http\\Request), Object(Closure))
#31 C:\\Users\\satri\\Downloads\\eSchool-Saas-V1.8.2\\PHP_Code\\vendor\\laravel\\framework\\src\\Illuminate\\Pipeline\\Pipeline.php(183): Illuminate\\Foundation\\Http\\Middleware\\TrimStrings->handle(Object(Illuminate\\Http\\Request), Object(Closure))
#32 C:\\Users\\satri\\Downloads\\eSchool-Saas-V1.8.2\\PHP_Code\\vendor\\laravel\\framework\\src\\Illuminate\\Foundation\\Http\\Middleware\\ValidatePostSize.php(27): Illuminate\\Pipeline\\Pipeline->Illuminate\\Pipeline\\{closure}(Object(Illuminate\\Http\\Request))
#33 C:\\Users\\satri\\Downloads\\eSchool-Saas-V1.8.2\\PHP_Code\\vendor\\laravel\\framework\\src\\Illuminate\\Pipeline\\Pipeline.php(183): Illuminate\\Foundation\\Http\\Middleware\\ValidatePostSize->handle(Object(Illuminate\\Http\\Request), Object(Closure))
#34 C:\\Users\\satri\\Downloads\\eSchool-Saas-V1.8.2\\PHP_Code\\vendor\\laravel\\framework\\src\\Illuminate\\Foundation\\Http\\Middleware\\PreventRequestsDuringMaintenance.php(99): Illuminate\\Pipeline\\Pipeline->Illuminate\\Pipeline\\{closure}(Object(Illuminate\\Http\\Request))
#35 C:\\Users\\satri\\Downloads\\eSchool-Saas-V1.8.2\\PHP_Code\\vendor\\laravel\\framework\\src\\Illuminate\\Pipeline\\Pipeline.php(183): Illuminate\\Foundation\\Http\\Middleware\\PreventRequestsDuringMaintenance->handle(Object(Illuminate\\Http\\Request), Object(Closure))
#36 C:\\Users\\satri\\Downloads\\eSchool-Saas-V1.8.2\\PHP_Code\\vendor\\laravel\\framework\\src\\Illuminate\\Http\\Middleware\\HandleCors.php(62): Illuminate\\Pipeline\\Pipeline->Illuminate\\Pipeline\\{closure}(Object(Illuminate\\Http\\Request))
#37 C:\\Users\\satri\\Downloads\\eSchool-Saas-V1.8.2\\PHP_Code\\vendor\\laravel\\framework\\src\\Illuminate\\Pipeline\\Pipeline.php(183): Illuminate\\Http\\Middleware\\HandleCors->handle(Object(Illuminate\\Http\\Request), Object(Closure))
#38 C:\\Users\\satri\\Downloads\\eSchool-Saas-V1.8.2\\PHP_Code\\vendor\\laravel\\framework\\src\\Illuminate\\Http\\Middleware\\TrustProxies.php(39): Illuminate\\Pipeline\\Pipeline->Illuminate\\Pipeline\\{closure}(Object(Illuminate\\Http\\Request))
#39 C:\\Users\\satri\\Downloads\\eSchool-Saas-V1.8.2\\PHP_Code\\vendor\\laravel\\framework\\src\\Illuminate\\Pipeline\\Pipeline.php(183): Illuminate\\Http\\Middleware\\TrustProxies->handle(Object(Illuminate\\Http\\Request), Object(Closure))
#40 C:\\Users\\satri\\Downloads\\eSchool-Saas-V1.8.2\\PHP_Code\\vendor\\laravel\\framework\\src\\Illuminate\\Pipeline\\Pipeline.php(119): Illuminate\\Pipeline\\Pipeline->Illuminate\\Pipeline\\{closure}(Object(Illuminate\\Http\\Request))
#41 C:\\Users\\satri\\Downloads\\eSchool-Saas-V1.8.2\\PHP_Code\\vendor\\laravel\\framework\\src\\Illuminate\\Foundation\\Http\\Kernel.php(175): Illuminate\\Pipeline\\Pipeline->then(Object(Closure))
#42 C:\\Users\\satri\\Downloads\\eSchool-Saas-V1.8.2\\PHP_Code\\vendor\\laravel\\framework\\src\\Illuminate\\Foundation\\Http\\Kernel.php(144): Illuminate\\Foundation\\Http\\Kernel->sendRequestThroughRouter(Object(Illuminate\\Http\\Request))
#43 C:\\Users\\satri\\Downloads\\eSchool-Saas-V1.8.2\\PHP_Code\\public\\index.php(51): Illuminate\\Foundation\\Http\\Kernel->handle(Object(Illuminate\\Http\\Request))
#44 C:\\Users\\satri\\Downloads\\eSchool-Saas-V1.8.2\\PHP_Code\\vendor\\laravel\\framework\\src\\Illuminate\\Foundation\\resources\\server.php(16): require_once('C:\\\\Users\\\\satri\\\\...')
#45 {main}
"} 
[2026-03-03 11:35:59] local.ERROR: Target class [App\Models\Student] does not exist. {"exception":"[object] (Illuminate\\Contracts\\Container\\BindingResolutionException(code: 0): Target class [App\\Models\\Student] does not exist. at C:\\Users\\satri\\Downloads\\eSchool-Saas-V1.8.2\\PHP_Code\\vendor\\laravel\\framework\\src\\Illuminate\\Container\\Container.php:914)
[stacktrace]
#0 C:\\Users\\satri\\Downloads\\eSchool-Saas-V1.8.2\\PHP_Code\\vendor\\laravel\\framework\\src\\Illuminate\\Container\\Container.php(795): Illuminate\\Container\\Container->build('App\\\\Models\\\\Stud...')
#1 C:\\Users\\satri\\Downloads\\eSchool-Saas-V1.8.2\\PHP_Code\\vendor\\laravel\\framework\\src\\Illuminate\\Foundation\\Application.php(963): Illuminate\\Container\\Container->resolve('App\\\\Models\\\\Stud...', Array, true)
#2 C:\\Users\\satri\\Downloads\\eSchool-Saas-V1.8.2\\PHP_Code\\vendor\\laravel\\framework\\src\\Illuminate\\Container\\Container.php(731): Illuminate\\Foundation\\Application->resolve('App\\\\Models\\\\Stud...', Array)
#3 C:\\Users\\satri\\Downloads\\eSchool-Saas-V1.8.2\\PHP_Code\\vendor\\laravel\\framework\\src\\Illuminate\\Foundation\\Application.php(948): Illuminate\\Container\\Container->make('App\\\\Models\\\\Stud...', Array)
#4 C:\\Users\\satri\\Downloads\\eSchool-Saas-V1.8.2\\PHP_Code\\vendor\\laravel\\framework\\src\\Illuminate\\Container\\Container.php(1066): Illuminate\\Foundation\\Application->make('App\\\\Models\\\\Stud...')
#5 C:\\Users\\satri\\Downloads\\eSchool-Saas-V1.8.2\\PHP_Code\\vendor\\laravel\\framework\\src\\Illuminate\\Container\\Container.php(982): Illuminate\\Container\\Container->resolveClass(Object(ReflectionParameter))
#6 C:\\Users\\satri\\Downloads\\eSchool-Saas-V1.8.2\\PHP_Code\\vendor\\laravel\\framework\\src\\Illuminate\\Container\\Container.php(943): Illuminate\\Container\\Container->resolveDependencies(Array)
#7 C:\\Users\\satri\\Downloads\\eSchool-Saas-V1.8.2\\PHP_Code\\vendor\\laravel\\framework\\src\\Illuminate\\Container\\Container.php(795): Illuminate\\Container\\Container->build('App\\\\Http\\\\Contro...')
#8 C:\\Users\\satri\\Downloads\\eSchool-Saas-V1.8.2\\PHP_Code\\vendor\\laravel\\framework\\src\\Illuminate\\Foundation\\Application.php(963): Illuminate\\Container\\Container->resolve('App\\\\Http\\\\Contro...', Array, true)
#9 C:\\Users\\satri\\Downloads\\eSchool-Saas-V1.8.2\\PHP_Code\\vendor\\laravel\\framework\\src\\Illuminate\\Container\\Container.php(731): Illuminate\\Foundation\\Application->resolve('App\\\\Http\\\\Contro...', Array)
#10 C:\\Users\\satri\\Downloads\\eSchool-Saas-V1.8.2\\PHP_Code\\vendor\\laravel\\framework\\src\\Illuminate\\Foundation\\Application.php(948): Illuminate\\Container\\Container->make('App\\\\Http\\\\Contro...', Array)
#11 C:\\Users\\satri\\Downloads\\eSchool-Saas-V1.8.2\\PHP_Code\\vendor\\laravel\\framework\\src\\Illuminate\\Routing\\Route.php(278): Illuminate\\Foundation\\Application->make('App\\\\Http\\\\Contro...')
#12 C:\\Users\\satri\\Downloads\\eSchool-Saas-V1.8.2\\PHP_Code\\vendor\\laravel\\framework\\src\\Illuminate\\Routing\\Route.php(1104): Illuminate\\Routing\\Route->getController()
#13 C:\\Users\\satri\\Downloads\\eSchool-Saas-V1.8.2\\PHP_Code\\vendor\\laravel\\framework\\src\\Illuminate\\Routing\\Route.php(1035): Illuminate\\Routing\\Route->controllerMiddleware()
#14 C:\\Users\\satri\\Downloads\\eSchool-Saas-V1.8.2\\PHP_Code\\vendor\\laravel\\framework\\src\\Illuminate\\Routing\\Router.php(818): Illuminate\\Routing\\Route->gatherMiddleware()
#15 C:\\Users\\satri\\Downloads\\eSchool-Saas-V1.8.2\\PHP_Code\\vendor\\laravel\\framework\\src\\Illuminate\\Routing\\Router.php(800): Illuminate\\Routing\\Router->gatherRouteMiddleware(Object(Illuminate\\Routing\\Route))
#16 C:\\Users\\satri\\Downloads\\eSchool-Saas-V1.8.2\\PHP_Code\\vendor\\laravel\\framework\\src\\Illuminate\\Routing\\Router.php(784): Illuminate\\Routing\\Router->runRouteWithinStack(Object(Illuminate\\Routing\\Route), Object(Illuminate\\Http\\Request))
#17 C:\\Users\\satri\\Downloads\\eSchool-Saas-V1.8.2\\PHP_Code\\vendor\\laravel\\framework\\src\\Illuminate\\Routing\\Router.php(748): Illuminate\\Routing\\Router->runRoute(Object(Illuminate\\Http\\Request), Object(Illuminate\\Routing\\Route))
#18 C:\\Users\\satri\\Downloads\\eSchool-Saas-V1.8.2\\PHP_Code\\vendor\\laravel\\framework\\src\\Illuminate\\Routing\\Router.php(737): Illuminate\\Routing\\Router->dispatchToRoute(Object(Illuminate\\Http\\Request))
#19 C:\\Users\\satri\\Downloads\\eSchool-Saas-V1.8.2\\PHP_Code\\vendor\\laravel\\framework\\src\\Illuminate\\Foundation\\Http\\Kernel.php(200): Illuminate\\Routing\\Router->dispatch(Object(Illuminate\\Http\\Request))
#20 C:\\Users\\satri\\Downloads\\eSchool-Saas-V1.8.2\\PHP_Code\\vendor\\laravel\\framework\\src\\Illuminate\\Pipeline\\Pipeline.php(144): Illuminate\\Foundation\\Http\\Kernel->Illuminate\\Foundation\\Http\\{closure}(Object(Illuminate\\Http\\Request))
#21 C:\\Users\\satri\\Downloads\\eSchool-Saas-V1.8.2\\PHP_Code\\vendor\\beyondcode\\laravel-query-detector\\src\\QueryDetectorMiddleware.php(33): Illuminate\\Pipeline\\Pipeline->Illuminate\\Pipeline\\{closure}(Object(Illuminate\\Http\\Request))
#22 C:\\Users\\satri\\Downloads\\eSchool-Saas-V1.8.2\\PHP_Code\\vendor\\laravel\\framework\\src\\Illuminate\\Pipeline\\Pipeline.php(183): BeyondCode\\QueryDetector\\QueryDetectorMiddleware->handle(Object(Illuminate\\Http\\Request), Object(Closure))
#23 C:\\Users\\satri\\Downloads\\eSchool-Saas-V1.8.2\\PHP_Code\\vendor\\barryvdh\\laravel-debugbar\\src\\Middleware\\InjectDebugbar.php(66): Illuminate\\Pipeline\\Pipeline->Illuminate\\Pipeline\\{closure}(Object(Illuminate\\Http\\Request))
#24 C:\\Users\\satri\\Downloads\\eSchool-Saas-V1.8.2\\PHP_Code\\vendor\\laravel\\framework\\src\\Illuminate\\Pipeline\\Pipeline.php(183): Barryvdh\\Debugbar\\Middleware\\InjectDebugbar->handle(Object(Illuminate\\Http\\Request), Object(Closure))
#25 C:\\Users\\satri\\Downloads\\eSchool-Saas-V1.8.2\\PHP_Code\\vendor\\laravel\\framework\\src\\Illuminate\\Foundation\\Http\\Middleware\\TransformsRequest.php(21): Illuminate\\Pipeline\\Pipeline->Illuminate\\Pipeline\\{closure}(Object(Illuminate\\Http\\Request))
#26 C:\\Users\\satri\\Downloads\\eSchool-Saas-V1.8.2\\PHP_Code\\vendor\\laravel\\framework\\src\\Illuminate\\Foundation\\Http\\Middleware\\ConvertEmptyStringsToNull.php(31): Illuminate\\Foundation\\Http\\Middleware\\TransformsRequest->handle(Object(Illuminate\\Http\\Request), Object(Closure))
#27 C:\\Users\\satri\\Downloads\\eSchool-Saas-V1.8.2\\PHP_Code\\vendor\\laravel\\framework\\src\\Illuminate\\Pipeline\\Pipeline.php(183): Illuminate\\Foundation\\Http\\Middleware\\ConvertEmptyStringsToNull->handle(Object(Illuminate\\Http\\Request), Object(Closure))
#28 C:\\Users\\satri\\Downloads\\eSchool-Saas-V1.8.2\\PHP_Code\\vendor\\laravel\\framework\\src\\Illuminate\\Foundation\\Http\\Middleware\\TransformsRequest.php(21): Illuminate\\Pipeline\\Pipeline->Illuminate\\Pipeline\\{closure}(Object(Illuminate\\Http\\Request))
#29 C:\\Users\\satri\\Downloads\\eSchool-Saas-V1.8.2\\PHP_Code\\vendor\\laravel\\framework\\src\\Illuminate\\Foundation\\Http\\Middleware\\TrimStrings.php(40): Illuminate\\Foundation\\Http\\Middleware\\TransformsRequest->handle(Object(Illuminate\\Http\\Request), Object(Closure))
#30 C:\\Users\\satri\\Downloads\\eSchool-Saas-V1.8.2\\PHP_Code\\vendor\\laravel\\framework\\src\\Illuminate\\Pipeline\\Pipeline.php(183): Illuminate\\Foundation\\Http\\Middleware\\TrimStrings->handle(Object(Illuminate\\Http\\Request), Object(Closure))
#31 C:\\Users\\satri\\Downloads\\eSchool-Saas-V1.8.2\\PHP_Code\\vendor\\laravel\\framework\\src\\Illuminate\\Foundation\\Http\\Middleware\\ValidatePostSize.php(27): Illuminate\\Pipeline\\Pipeline->Illuminate\\Pipeline\\{closure}(Object(Illuminate\\Http\\Request))
#32 C:\\Users\\satri\\Downloads\\eSchool-Saas-V1.8.2\\PHP_Code\\vendor\\laravel\\framework\\src\\Illuminate\\Pipeline\\Pipeline.php(183): Illuminate\\Foundation\\Http\\Middleware\\ValidatePostSize->handle(Object(Illuminate\\Http\\Request), Object(Closure))
#33 C:\\Users\\satri\\Downloads\\eSchool-Saas-V1.8.2\\PHP_Code\\vendor\\laravel\\framework\\src\\Illuminate\\Foundation\\Http\\Middleware\\PreventRequestsDuringMaintenance.php(99): Illuminate\\Pipeline\\Pipeline->Illuminate\\Pipeline\\{closure}(Object(Illuminate\\Http\\Request))
#34 C:\\Users\\satri\\Downloads\\eSchool-Saas-V1.8.2\\PHP_Code\\vendor\\laravel\\framework\\src\\Illuminate\\Pipeline\\Pipeline.php(183): Illuminate\\Foundation\\Http\\Middleware\\PreventRequestsDuringMaintenance->handle(Object(Illuminate\\Http\\Request), Object(Closure))
#35 C:\\Users\\satri\\Downloads\\eSchool-Saas-V1.8.2\\PHP_Code\\vendor\\laravel\\framework\\src\\Illuminate\\Http\\Middleware\\HandleCors.php(62): Illuminate\\Pipeline\\Pipeline->Illuminate\\Pipeline\\{closure}(Object(Illuminate\\Http\\Request))
#36 C:\\Users\\satri\\Downloads\\eSchool-Saas-V1.8.2\\PHP_Code\\vendor\\laravel\\framework\\src\\Illuminate\\Pipeline\\Pipeline.php(183): Illuminate\\Http\\Middleware\\HandleCors->handle(Object(Illuminate\\Http\\Request), Object(Closure))
#37 C:\\Users\\satri\\Downloads\\eSchool-Saas-V1.8.2\\PHP_Code\\vendor\\laravel\\framework\\src\\Illuminate\\Http\\Middleware\\TrustProxies.php(39): Illuminate\\Pipeline\\Pipeline->Illuminate\\Pipeline\\{closure}(Object(Illuminate\\Http\\Request))
#38 C:\\Users\\satri\\Downloads\\eSchool-Saas-V1.8.2\\PHP_Code\\vendor\\laravel\\framework\\src\\Illuminate\\Pipeline\\Pipeline.php(183): Illuminate\\Http\\Middleware\\TrustProxies->handle(Object(Illuminate\\Http\\Request), Object(Closure))
#39 C:\\Users\\satri\\Downloads\\eSchool-Saas-V1.8.2\\PHP_Code\\vendor\\laravel\\framework\\src\\Illuminate\\Pipeline\\Pipeline.php(119): Illuminate\\Pipeline\\Pipeline->Illuminate\\Pipeline\\{closure}(Object(Illuminate\\Http\\Request))
#40 C:\\Users\\satri\\Downloads\\eSchool-Saas-V1.8.2\\PHP_Code\\vendor\\laravel\\framework\\src\\Illuminate\\Foundation\\Http\\Kernel.php(175): Illuminate\\Pipeline\\Pipeline->then(Object(Closure))
#41 C:\\Users\\satri\\Downloads\\eSchool-Saas-V1.8.2\\PHP_Code\\vendor\\laravel\\framework\\src\\Illuminate\\Foundation\\Http\\Kernel.php(144): Illuminate\\Foundation\\Http\\Kernel->sendRequestThroughRouter(Object(Illuminate\\Http\\Request))
#42 C:\\Users\\satri\\Downloads\\eSchool-Saas-V1.8.2\\PHP_Code\\public\\index.php(51): Illuminate\\Foundation\\Http\\Kernel->handle(Object(Illuminate\\Http\\Request))
#43 C:\\Users\\satri\\Downloads\\eSchool-Saas-V1.8.2\\PHP_Code\\vendor\\laravel\\framework\\src\\Illuminate\\Foundation\\resources\\server.php(16): require_once('C:\\\\Users\\\\satri\\\\...')
#44 {main}

[previous exception] [object] (ReflectionException(code: -1): Class \"App\\Models\\Student\" does not exist at C:\\Users\\satri\\Downloads\\eSchool-Saas-V1.8.2\\PHP_Code\\vendor\\laravel\\framework\\src\\Illuminate\\Container\\Container.php:912)
[stacktrace]
#0 C:\\Users\\satri\\Downloads\\eSchool-Saas-V1.8.2\\PHP_Code\\vendor\\laravel\\framework\\src\\Illuminate\\Container\\Container.php(912): ReflectionClass->__construct('App\\\\Models\\\\Stud...')
#1 C:\\Users\\satri\\Downloads\\eSchool-Saas-V1.8.2\\PHP_Code\\vendor\\laravel\\framework\\src\\Illuminate\\Container\\Container.php(795): Illuminate\\Container\\Container->build('App\\\\Models\\\\Stud...')
#2 C:\\Users\\satri\\Downloads\\eSchool-Saas-V1.8.2\\PHP_Code\\vendor\\laravel\\framework\\src\\Illuminate\\Foundation\\Application.php(963): Illuminate\\Container\\Container->resolve('App\\\\Models\\\\Stud...', Array, true)
#3 C:\\Users\\satri\\Downloads\\eSchool-Saas-V1.8.2\\PHP_Code\\vendor\\laravel\\framework\\src\\Illuminate\\Container\\Container.php(731): Illuminate\\Foundation\\Application->resolve('App\\\\Models\\\\Stud...', Array)
#4 C:\\Users\\satri\\Downloads\\eSchool-Saas-V1.8.2\\PHP_Code\\vendor\\laravel\\framework\\src\\Illuminate\\Foundation\\Application.php(948): Illuminate\\Container\\Container->make('App\\\\Models\\\\Stud...', Array)
#5 C:\\Users\\satri\\Downloads\\eSchool-Saas-V1.8.2\\PHP_Code\\vendor\\laravel\\framework\\src\\Illuminate\\Container\\Container.php(1066): Illuminate\\Foundation\\Application->make('App\\\\Models\\\\Stud...')
#6 C:\\Users\\satri\\Downloads\\eSchool-Saas-V1.8.2\\PHP_Code\\vendor\\laravel\\framework\\src\\Illuminate\\Container\\Container.php(982): Illuminate\\Container\\Container->resolveClass(Object(ReflectionParameter))
#7 C:\\Users\\satri\\Downloads\\eSchool-Saas-V1.8.2\\PHP_Code\\vendor\\laravel\\framework\\src\\Illuminate\\Container\\Container.php(943): Illuminate\\Container\\Container->resolveDependencies(Array)
#8 C:\\Users\\satri\\Downloads\\eSchool-Saas-V1.8.2\\PHP_Code\\vendor\\laravel\\framework\\src\\Illuminate\\Container\\Container.php(795): Illuminate\\Container\\Container->build('App\\\\Http\\\\Contro...')
#9 C:\\Users\\satri\\Downloads\\eSchool-Saas-V1.8.2\\PHP_Code\\vendor\\laravel\\framework\\src\\Illuminate\\Foundation\\Application.php(963): Illuminate\\Container\\Container->resolve('App\\\\Http\\\\Contro...', Array, true)
#10 C:\\Users\\satri\\Downloads\\eSchool-Saas-V1.8.2\\PHP_Code\\vendor\\laravel\\framework\\src\\Illuminate\\Container\\Container.php(731): Illuminate\\Foundation\\Application->resolve('App\\\\Http\\\\Contro...', Array)
#11 C:\\Users\\satri\\Downloads\\eSchool-Saas-V1.8.2\\PHP_Code\\vendor\\laravel\\framework\\src\\Illuminate\\Foundation\\Application.php(948): Illuminate\\Container\\Container->make('App\\\\Http\\\\Contro...', Array)
#12 C:\\Users\\satri\\Downloads\\eSchool-Saas-V1.8.2\\PHP_Code\\vendor\\laravel\\framework\\src\\Illuminate\\Routing\\Route.php(278): Illuminate\\Foundation\\Application->make('App\\\\Http\\\\Contro...')
#13 C:\\Users\\satri\\Downloads\\eSchool-Saas-V1.8.2\\PHP_Code\\vendor\\laravel\\framework\\src\\Illuminate\\Routing\\Route.php(1104): Illuminate\\Routing\\Route->getController()
#14 C:\\Users\\satri\\Downloads\\eSchool-Saas-V1.8.2\\PHP_Code\\vendor\\laravel\\framework\\src\\Illuminate\\Routing\\Route.php(1035): Illuminate\\Routing\\Route->controllerMiddleware()
#15 C:\\Users\\satri\\Downloads\\eSchool-Saas-V1.8.2\\PHP_Code\\vendor\\laravel\\framework\\src\\Illuminate\\Routing\\Router.php(818): Illuminate\\Routing\\Route->gatherMiddleware()
#16 C:\\Users\\satri\\Downloads\\eSchool-Saas-V1.8.2\\PHP_Code\\vendor\\laravel\\framework\\src\\Illuminate\\Routing\\Router.php(800): Illuminate\\Routing\\Router->gatherRouteMiddleware(Object(Illuminate\\Routing\\Route))
#17 C:\\Users\\satri\\Downloads\\eSchool-Saas-V1.8.2\\PHP_Code\\vendor\\laravel\\framework\\src\\Illuminate\\Routing\\Router.php(784): Illuminate\\Routing\\Router->runRouteWithinStack(Object(Illuminate\\Routing\\Route), Object(Illuminate\\Http\\Request))
#18 C:\\Users\\satri\\Downloads\\eSchool-Saas-V1.8.2\\PHP_Code\\vendor\\laravel\\framework\\src\\Illuminate\\Routing\\Router.php(748): Illuminate\\Routing\\Router->runRoute(Object(Illuminate\\Http\\Request), Object(Illuminate\\Routing\\Route))
#19 C:\\Users\\satri\\Downloads\\eSchool-Saas-V1.8.2\\PHP_Code\\vendor\\laravel\\framework\\src\\Illuminate\\Routing\\Router.php(737): Illuminate\\Routing\\Router->dispatchToRoute(Object(Illuminate\\Http\\Request))
#20 C:\\Users\\satri\\Downloads\\eSchool-Saas-V1.8.2\\PHP_Code\\vendor\\laravel\\framework\\src\\Illuminate\\Foundation\\Http\\Kernel.php(200): Illuminate\\Routing\\Router->dispatch(Object(Illuminate\\Http\\Request))
#21 C:\\Users\\satri\\Downloads\\eSchool-Saas-V1.8.2\\PHP_Code\\vendor\\laravel\\framework\\src\\Illuminate\\Pipeline\\Pipeline.php(144): Illuminate\\Foundation\\Http\\Kernel->Illuminate\\Foundation\\Http\\{closure}(Object(Illuminate\\Http\\Request))
#22 C:\\Users\\satri\\Downloads\\eSchool-Saas-V1.8.2\\PHP_Code\\vendor\\beyondcode\\laravel-query-detector\\src\\QueryDetectorMiddleware.php(33): Illuminate\\Pipeline\\Pipeline->Illuminate\\Pipeline\\{closure}(Object(Illuminate\\Http\\Request))
#23 C:\\Users\\satri\\Downloads\\eSchool-Saas-V1.8.2\\PHP_Code\\vendor\\laravel\\framework\\src\\Illuminate\\Pipeline\\Pipeline.php(183): BeyondCode\\QueryDetector\\QueryDetectorMiddleware->handle(Object(Illuminate\\Http\\Request), Object(Closure))
#24 C:\\Users\\satri\\Downloads\\eSchool-Saas-V1.8.2\\PHP_Code\\vendor\\barryvdh\\laravel-debugbar\\src\\Middleware\\InjectDebugbar.php(66): Illuminate\\Pipeline\\Pipeline->Illuminate\\Pipeline\\{closure}(Object(Illuminate\\Http\\Request))
#25 C:\\Users\\satri\\Downloads\\eSchool-Saas-V1.8.2\\PHP_Code\\vendor\\laravel\\framework\\src\\Illuminate\\Pipeline\\Pipeline.php(183): Barryvdh\\Debugbar\\Middleware\\InjectDebugbar->handle(Object(Illuminate\\Http\\Request), Object(Closure))
#26 C:\\Users\\satri\\Downloads\\eSchool-Saas-V1.8.2\\PHP_Code\\vendor\\laravel\\framework\\src\\Illuminate\\Foundation\\Http\\Middleware\\TransformsRequest.php(21): Illuminate\\Pipeline\\Pipeline->Illuminate\\Pipeline\\{closure}(Object(Illuminate\\Http\\Request))
#27 C:\\Users\\satri\\Downloads\\eSchool-Saas-V1.8.2\\PHP_Code\\vendor\\laravel\\framework\\src\\Illuminate\\Foundation\\Http\\Middleware\\ConvertEmptyStringsToNull.php(31): Illuminate\\Foundation\\Http\\Middleware\\TransformsRequest->handle(Object(Illuminate\\Http\\Request), Object(Closure))
#28 C:\\Users\\satri\\Downloads\\eSchool-Saas-V1.8.2\\PHP_Code\\vendor\\laravel\\framework\\src\\Illuminate\\Pipeline\\Pipeline.php(183): Illuminate\\Foundation\\Http\\Middleware\\ConvertEmptyStringsToNull->handle(Object(Illuminate\\Http\\Request), Object(Closure))
#29 C:\\Users\\satri\\Downloads\\eSchool-Saas-V1.8.2\\PHP_Code\\vendor\\laravel\\framework\\src\\Illuminate\\Foundation\\Http\\Middleware\\TransformsRequest.php(21): Illuminate\\Pipeline\\Pipeline->Illuminate\\Pipeline\\{closure}(Object(Illuminate\\Http\\Request))
#30 C:\\Users\\satri\\Downloads\\eSchool-Saas-V1.8.2\\PHP_Code\\vendor\\laravel\\framework\\src\\Illuminate\\Foundation\\Http\\Middleware\\TrimStrings.php(40): Illuminate\\Foundation\\Http\\Middleware\\TransformsRequest->handle(Object(Illuminate\\Http\\Request), Object(Closure))
#31 C:\\Users\\satri\\Downloads\\eSchool-Saas-V1.8.2\\PHP_Code\\vendor\\laravel\\framework\\src\\Illuminate\\Pipeline\\Pipeline.php(183): Illuminate\\Foundation\\Http\\Middleware\\TrimStrings->handle(Object(Illuminate\\Http\\Request), Object(Closure))
#32 C:\\Users\\satri\\Downloads\\eSchool-Saas-V1.8.2\\PHP_Code\\vendor\\laravel\\framework\\src\\Illuminate\\Foundation\\Http\\Middleware\\ValidatePostSize.php(27): Illuminate\\Pipeline\\Pipeline->Illuminate\\Pipeline\\{closure}(Object(Illuminate\\Http\\Request))
#33 C:\\Users\\satri\\Downloads\\eSchool-Saas-V1.8.2\\PHP_Code\\vendor\\laravel\\framework\\src\\Illuminate\\Pipeline\\Pipeline.php(183): Illuminate\\Foundation\\Http\\Middleware\\ValidatePostSize->handle(Object(Illuminate\\Http\\Request), Object(Closure))
#34 C:\\Users\\satri\\Downloads\\eSchool-Saas-V1.8.2\\PHP_Code\\vendor\\laravel\\framework\\src\\Illuminate\\Foundation\\Http\\Middleware\\PreventRequestsDuringMaintenance.php(99): Illuminate\\Pipeline\\Pipeline->Illuminate\\Pipeline\\{closure}(Object(Illuminate\\Http\\Request))
#35 C:\\Users\\satri\\Downloads\\eSchool-Saas-V1.8.2\\PHP_Code\\vendor\\laravel\\framework\\src\\Illuminate\\Pipeline\\Pipeline.php(183): Illuminate\\Foundation\\Http\\Middleware\\PreventRequestsDuringMaintenance->handle(Object(Illuminate\\Http\\Request), Object(Closure))
#36 C:\\Users\\satri\\Downloads\\eSchool-Saas-V1.8.2\\PHP_Code\\vendor\\laravel\\framework\\src\\Illuminate\\Http\\Middleware\\HandleCors.php(62): Illuminate\\Pipeline\\Pipeline->Illuminate\\Pipeline\\{closure}(Object(Illuminate\\Http\\Request))
#37 C:\\Users\\satri\\Downloads\\eSchool-Saas-V1.8.2\\PHP_Code\\vendor\\laravel\\framework\\src\\Illuminate\\Pipeline\\Pipeline.php(183): Illuminate\\Http\\Middleware\\HandleCors->handle(Object(Illuminate\\Http\\Request), Object(Closure))
#38 C:\\Users\\satri\\Downloads\\eSchool-Saas-V1.8.2\\PHP_Code\\vendor\\laravel\\framework\\src\\Illuminate\\Http\\Middleware\\TrustProxies.php(39): Illuminate\\Pipeline\\Pipeline->Illuminate\\Pipeline\\{closure}(Object(Illuminate\\Http\\Request))
#39 C:\\Users\\satri\\Downloads\\eSchool-Saas-V1.8.2\\PHP_Code\\vendor\\laravel\\framework\\src\\Illuminate\\Pipeline\\Pipeline.php(183): Illuminate\\Http\\Middleware\\TrustProxies->handle(Object(Illuminate\\Http\\Request), Object(Closure))
#40 C:\\Users\\satri\\Downloads\\eSchool-Saas-V1.8.2\\PHP_Code\\vendor\\laravel\\framework\\src\\Illuminate\\Pipeline\\Pipeline.php(119): Illuminate\\Pipeline\\Pipeline->Illuminate\\Pipeline\\{closure}(Object(Illuminate\\Http\\Request))
#41 C:\\Users\\satri\\Downloads\\eSchool-Saas-V1.8.2\\PHP_Code\\vendor\\laravel\\framework\\src\\Illuminate\\Foundation\\Http\\Kernel.php(175): Illuminate\\Pipeline\\Pipeline->then(Object(Closure))
#42 C:\\Users\\satri\\Downloads\\eSchool-Saas-V1.8.2\\PHP_Code\\vendor\\laravel\\framework\\src\\Illuminate\\Foundation\\Http\\Kernel.php(144): Illuminate\\Foundation\\Http\\Kernel->sendRequestThroughRouter(Object(Illuminate\\Http\\Request))
#43 C:\\Users\\satri\\Downloads\\eSchool-Saas-V1.8.2\\PHP_Code\\public\\index.php(51): Illuminate\\Foundation\\Http\\Kernel->handle(Object(Illuminate\\Http\\Request))
#44 C:\\Users\\satri\\Downloads\\eSchool-Saas-V1.8.2\\PHP_Code\\vendor\\laravel\\framework\\src\\Illuminate\\Foundation\\resources\\server.php(16): require_once('C:\\\\Users\\\\satri\\\\...')
#45 {main}
"} 
[2026-03-03 11:37:20] local.ERROR: ExternalApiController -> storeStudent method SQLSTATE[42S02]: Base table or view not found: 1146 Table 'laravel.session_years' doesn't exist (Connection: mysql, SQL: select * from `session_years` where `session_years`.`id` = 1 and `session_years`.`deleted_at` is null limit 1)---> C:\Users\satri\Downloads\eSchool-Saas-V1.8.2\PHP_Code\vendor\laravel\framework\src\Illuminate\Database\Connection.php At Line : 829  
[2026-03-03 11:41:21] local.ERROR: ExternalApiController -> storeStudent method SQLSTATE[42S02]: Base table or view not found: 1146 Table 'laravel.session_years' doesn't exist (Connection: mysql, SQL: select * from `session_years` where `session_years`.`id` = 1 and `session_years`.`deleted_at` is null limit 1)---> C:\Users\satri\Downloads\eSchool-Saas-V1.8.2\PHP_Code\vendor\laravel\framework\src\Illuminate\Database\Connection.php At Line : 829  
[2026-03-03 11:41:50] local.ERROR: PHP Parse error: Syntax error, unexpected T_OBJECT_OPERATOR on line 1 {"exception":"[object] (Psy\\Exception\\ParseErrorException(code: 0): PHP Parse error: Syntax error, unexpected T_OBJECT_OPERATOR on line 1 at C:\\Users\\satri\\Downloads\\eSchool-Saas-V1.8.2\\PHP_Code\\vendor\\psy\\psysh\\src\\Exception\\ParseErrorException.php:44)
[stacktrace]
#0 C:\\Users\\satri\\Downloads\\eSchool-Saas-V1.8.2\\PHP_Code\\vendor\\psy\\psysh\\src\\CodeCleaner.php(306): Psy\\Exception\\ParseErrorException::fromParseError(Object(PhpParser\\Error))
#1 C:\\Users\\satri\\Downloads\\eSchool-Saas-V1.8.2\\PHP_Code\\vendor\\psy\\psysh\\src\\CodeCleaner.php(240): Psy\\CodeCleaner->parse('<?php echo clas...', false)
#2 C:\\Users\\satri\\Downloads\\eSchool-Saas-V1.8.2\\PHP_Code\\vendor\\psy\\psysh\\src\\Shell.php(852): Psy\\CodeCleaner->clean(Array, false)
#3 C:\\Users\\satri\\Downloads\\eSchool-Saas-V1.8.2\\PHP_Code\\vendor\\psy\\psysh\\src\\Shell.php(881): Psy\\Shell->addCode('echo class_exis...', true)
#4 C:\\Users\\satri\\Downloads\\eSchool-Saas-V1.8.2\\PHP_Code\\vendor\\psy\\psysh\\src\\Shell.php(1390): Psy\\Shell->setCode('echo class_exis...', true)
#5 C:\\Users\\satri\\Downloads\\eSchool-Saas-V1.8.2\\PHP_Code\\vendor\\laravel\\tinker\\src\\Console\\TinkerCommand.php(76): Psy\\Shell->execute('echo class_exis...')
#6 C:\\Users\\satri\\Downloads\\eSchool-Saas-V1.8.2\\PHP_Code\\vendor\\laravel\\framework\\src\\Illuminate\\Container\\BoundMethod.php(36): Laravel\\Tinker\\Console\\TinkerCommand->handle()
#7 C:\\Users\\satri\\Downloads\\eSchool-Saas-V1.8.2\\PHP_Code\\vendor\\laravel\\framework\\src\\Illuminate\\Container\\Util.php(41): Illuminate\\Container\\BoundMethod::Illuminate\\Container\\{closure}()
#8 C:\\Users\\satri\\Downloads\\eSchool-Saas-V1.8.2\\PHP_Code\\vendor\\laravel\\framework\\src\\Illuminate\\Container\\BoundMethod.php(93): Illuminate\\Container\\Util::unwrapIfClosure(Object(Closure))
#9 C:\\Users\\satri\\Downloads\\eSchool-Saas-V1.8.2\\PHP_Code\\vendor\\laravel\\framework\\src\\Illuminate\\Container\\BoundMethod.php(35): Illuminate\\Container\\BoundMethod::callBoundMethod(Object(Illuminate\\Foundation\\Application), Array, Object(Closure))
#10 C:\\Users\\satri\\Downloads\\eSchool-Saas-V1.8.2\\PHP_Code\\vendor\\laravel\\framework\\src\\Illuminate\\Container\\Container.php(662): Illuminate\\Container\\BoundMethod::call(Object(Illuminate\\Foundation\\Application), Array, Array, NULL)
#11 C:\\Users\\satri\\Downloads\\eSchool-Saas-V1.8.2\\PHP_Code\\vendor\\laravel\\framework\\src\\Illuminate\\Console\\Command.php(211): Illuminate\\Container\\Container->call(Array)
#12 C:\\Users\\satri\\Downloads\\eSchool-Saas-V1.8.2\\PHP_Code\\vendor\\symfony\\console\\Command\\Command.php(326): Illuminate\\Console\\Command->execute(Object(Symfony\\Component\\Console\\Input\\ArgvInput), Object(Illuminate\\Console\\OutputStyle))
#13 C:\\Users\\satri\\Downloads\\eSchool-Saas-V1.8.2\\PHP_Code\\vendor\\laravel\\framework\\src\\Illuminate\\Console\\Command.php(180): Symfony\\Component\\Console\\Command\\Command->run(Object(Symfony\\Component\\Console\\Input\\ArgvInput), Object(Illuminate\\Console\\OutputStyle))
#14 C:\\Users\\satri\\Downloads\\eSchool-Saas-V1.8.2\\PHP_Code\\vendor\\symfony\\console\\Application.php(1096): Illuminate\\Console\\Command->run(Object(Symfony\\Component\\Console\\Input\\ArgvInput), Object(Symfony\\Component\\Console\\Output\\ConsoleOutput))
#15 C:\\Users\\satri\\Downloads\\eSchool-Saas-V1.8.2\\PHP_Code\\vendor\\symfony\\console\\Application.php(324): Symfony\\Component\\Console\\Application->doRunCommand(Object(Laravel\\Tinker\\Console\\TinkerCommand), Object(Symfony\\Component\\Console\\Input\\ArgvInput), Object(Symfony\\Component\\Console\\Output\\ConsoleOutput))
#16 C:\\Users\\satri\\Downloads\\eSchool-Saas-V1.8.2\\PHP_Code\\vendor\\symfony\\console\\Application.php(175): Symfony\\Component\\Console\\Application->doRun(Object(Symfony\\Component\\Console\\Input\\ArgvInput), Object(Symfony\\Component\\Console\\Output\\ConsoleOutput))
#17 C:\\Users\\satri\\Downloads\\eSchool-Saas-V1.8.2\\PHP_Code\\vendor\\laravel\\framework\\src\\Illuminate\\Foundation\\Console\\Kernel.php(201): Symfony\\Component\\Console\\Application->run(Object(Symfony\\Component\\Console\\Input\\ArgvInput), Object(Symfony\\Component\\Console\\Output\\ConsoleOutput))
#18 C:\\Users\\satri\\Downloads\\eSchool-Saas-V1.8.2\\PHP_Code\\artisan(35): Illuminate\\Foundation\\Console\\Kernel->handle(Object(Symfony\\Component\\Console\\Input\\ArgvInput), Object(Symfony\\Component\\Console\\Output\\ConsoleOutput))
#19 {main}
"} 
[2026-03-03 11:42:15] local.ERROR: ExternalApiController -> storeStudent method SQLSTATE[42S02]: Base table or view not found: 1146 Table 'laravel.session_years' doesn't exist (Connection: mysql, SQL: select * from `session_years` where `session_years`.`id` = 1 and `session_years`.`deleted_at` is null limit 1)---> C:\Users\satri\Downloads\eSchool-Saas-V1.8.2\PHP_Code\vendor\laravel\framework\src\Illuminate\Database\Connection.php At Line : 829  
[2026-03-03 11:43:47] local.ERROR: ExternalApiController -> storeStudent method Attempt to read property "school_id" on null---> C:\Users\satri\Downloads\eSchool-Saas-V1.8.2\PHP_Code\app\Repositories\Saas\SaaSRepository.php At Line : 60  
[2026-03-03 11:44:06] local.ERROR: ExternalApiController -> storeStudent method Attempt to read property "school_id" on null---> C:\Users\satri\Downloads\eSchool-Saas-V1.8.2\PHP_Code\app\Repositories\Saas\SaaSRepository.php At Line : 60  
[2026-03-03 11:46:25] local.ERROR: ExternalApiController -> storeStudent method Attempt to read property "school_id" on null---> C:\Users\satri\Downloads\eSchool-Saas-V1.8.2\PHP_Code\app\Repositories\Saas\SaaSRepository.php At Line : 60  
