[2026-03-02 16:17:50] local.INFO: ================================================================================  
[2026-03-02 16:17:50] local.INFO: [REGISTRASI] PROSES DIMULAI  
[2026-03-02 16:17:50] local.INFO: [REGISTRASI] Fungsi dipanggil: SchoolController::registration()  
[2026-03-02 16:17:50] local.INFO: [REGISTRASI] Timestamp: 2026-03-02 16:17:50  
[2026-03-02 16:17:50] local.INFO: [REGISTRASI] IP Address: 127.0.0.1  
[2026-03-02 16:17:50] local.INFO: [REGISTRASI] Data Input: {"school_name":"abca","school_email":"bbb@email.com","school_phone":"343416","school_tagline":"AAAAAAAAAAAA","school_address":"AHHHAAAA","package_id":"2"} 
[2026-03-02 16:17:50] local.INFO: [REGISTRASI][STEP 1] Menjalankan validasi input (Validator::make)...  
[2026-03-02 16:17:51] local.INFO: [REGISTRASI][STEP 1] Validasi BERHASIL — semua input valid  
[2026-03-02 16:17:51] local.INFO: [REGISTRASI][STEP 2] reCAPTCHA DILEWATI (RECAPTCHA_SECRET_KEY tidak diset)  
[2026-03-02 16:17:51] local.INFO: [REGISTRASI][STEP 3] Mengecek data existing di database...  
[2026-03-02 16:17:51] local.INFO: [REGISTRASI][STEP 3] Hasil pengecekan: {"school_exists":"YA (ID: 9)","user_exists":"YA (ID: 10)","inquiry_exists":"YA (ID: 11, status: success)"} 
[2026-03-02 16:17:51] local.INFO: [REGISTRASI][STEP 4] MODE: School Inquiry (school_inquiry=1) — sekolah harus bayar dulu sebelum diaktifkan  
[2026-03-02 16:17:51] local.INFO: [REGISTRASI][STEP 4] DB::beginTransaction() dipanggil  
[2026-03-02 16:17:51] local.INFO: [REGISTRASI][STEP 5] Memanggil Package::findById(2) untuk ambil data paket...  
[2026-03-02 16:17:51] local.INFO: [REGISTRASI][STEP 5] Data paket: {"package_id":2,"package_name":"Paket Gold","price":3000000.0,"invoice_number":"JT-1772443071"} 
[2026-03-02 16:17:51] local.INFO: [REGISTRASI][STEP 6] Memanggil SchoolInquiry::updateOrCreate() — membuat atau memperbarui data inquiry...  
[2026-03-02 16:17:51] local.INFO: [REGISTRASI][STEP 6] SchoolInquiry TERCIPTA/TERUPDATE: {"inquiry_id":11,"school_name":"abca","school_email":"bbb@email.com","invoice_number":"JT-1772443071","price":3000000.0,"payment_status":"pending"} 
[2026-03-02 16:17:51] local.INFO: [REGISTRASI][STEP 8] DB::commit() — data inquiry tersimpan ke database  
[2026-03-02 16:17:51] local.INFO: [REGISTRASI][STEP 9] Mengirim email notifikasi inquiry ke admin...  
[2026-03-02 16:17:58] local.INFO: [REGISTRASI][STEP 9] Email notifikasi TERKIRIM ke: noreply@crestwoodacademy.com  
[2026-03-02 16:17:58] local.INFO: [REGISTRASI] ✅ PROSES SELESAI (MODE INQUIRY)  
[2026-03-02 16:17:58] local.INFO: [REGISTRASI] Hasil yang tercipta: {"school_inquiry_id":11,"invoice_number":"JT-1772443071","payment_status":"pending","redirect_to":"http://127.0.0.1:8000/verify/11"} 
[2026-03-02 16:17:58] local.INFO: ================================================================================  
[2026-03-03 00:00:32] local.INFO: ================================================================================  
[2026-03-03 00:00:32] local.INFO: [REGISTRASI] PROSES DIMULAI  
[2026-03-03 00:00:32] local.INFO: [REGISTRASI] Fungsi dipanggil: SchoolController::registration()  
[2026-03-03 00:00:32] local.INFO: [REGISTRASI] Timestamp: 2026-03-03 00:00:32  
[2026-03-03 00:00:32] local.INFO: [REGISTRASI] IP Address: 127.0.0.1  
[2026-03-03 00:00:32] local.INFO: [REGISTRASI] Data Input: {"school_name":"abcaas","school_email":"bbb@email.com","school_phone":"34341621","school_tagline":"fsxaq","school_address":"gvsc","package_id":"3"} 
[2026-03-03 00:00:32] local.INFO: [REGISTRASI][STEP 1] Menjalankan validasi input (Validator::make)...  
[2026-03-03 00:00:32] local.INFO: [REGISTRASI][STEP 1] Validasi BERHASIL — semua input valid  
[2026-03-03 00:00:32] local.INFO: [REGISTRASI][STEP 2] reCAPTCHA DILEWATI (RECAPTCHA_SECRET_KEY tidak diset)  
[2026-03-03 00:00:32] local.INFO: [REGISTRASI][STEP 3] Mengecek data existing di database...  
[2026-03-03 00:00:32] local.INFO: [REGISTRASI][STEP 3] Hasil pengecekan: {"school_exists":"YA (ID: 9)","user_exists":"YA (ID: 10)","inquiry_exists":"TIDAK"} 
[2026-03-03 00:00:32] local.WARNING: [REGISTRASI][STEP 3] Email sudah terdaftar: bbb@email.com  
